--- 2025-07-25 10:50:00 ---
リアルタイム速報の更新を開始します...
generate_report.py を実行中...
速報を生成中... 全チームの気温データを取得しています。
  福島大学 のデータを取得中...
  学連選抜 のデータを取得中...
  立命館大学 のデータを取得中...
  上武大学 のデータを取得中...
  東北大学 のデータを取得中...
  福岡大学 のデータを取得中...
  関西大学 のデータを取得中...
  鳥取大学 のデータを取得中...
  名古屋大学 のデータを取得中...
  広島経済大学 のデータを取得中...
  熊本学園大学 のデータを取得中...
  日本大学 のデータを取得中...
  山梨学院大学 のデータを取得中...
  金沢大学 のデータを取得中...
  三重大学 のデータを取得中...
  四国大学 のデータを取得中...
  鹿児島大学 のデータを取得中...
  琉球大学 のデータを取得中...

--- 速報生成完了 ---
7月25日　3日目　 速報（10:50現在）

　 　 　 　 　 　 　　 　 　　本日　.　.　.　.　.総合
　大学名　.　.　走者　.　距離 . 順位　.　距離　. 　順位　. 次走者　.　被交代選手　
福島大学＿＿.　1梁川＿＿＿＿　36.1　.　01　.　114.1　.　01(01)　2石川
上武大学＿＿.　1佐野＿＿＿＿　34.2　.　05　.　109.4　.　02(04)　2越谷
学連選抜＿＿.　1美幌＿＿＿＿　32.8　.　12　.　109.3　.　03(02)　2新潟
東北大学＿＿.　1帯広＿＿＿＿　33.9　.　07　.　109.1　.　04(04)　2山形
関西大学＿＿.　1福崎＿＿＿＿　34.5　.　04　.　108.9　.　05(07)　2和田山
立命館大学.　1東近江＿＿　32.6　.　14　.　108.9　.　05(03)　2福知山
福岡大学＿＿.　1久留米＿＿　34.1　.　06　.　108.7　.　07(06)　2福岡
熊本学園大学.　1甲佐＿＿＿＿　35.4　.　02　.　108.0　.　08(11)　2岱明
鳥取大学＿＿.　1川本＿＿＿＿　33.3　.　09　.　106.7　.　09(08)　2鳥取
金沢大学＿＿.　1秋ヶ島＿＿　34.9　.　03　.　106.6　.　10(13)　2伏木
---------------------------------------------------　
名古屋大学.　1美濃加茂　33.3　.　09　.　106.6　.　10(09)　2美濃
日本大学＿＿.　1大子＿＿＿＿　33.9　.　07　.　105.7　.　12(12)　2古河
山梨学院大学.　1長野＿＿＿＿　33.3　.　09　.　105.0　.　13(13)　2南信濃
広島経済大学.　1三次＿＿＿＿　31.4　.　16　.　104.2　.　14(10)　2加計
三重大学＿＿.　1粥見＿＿＿＿　32.3　.　15　.　102.9　.　15(15)　2五條
四国大学＿＿.　1穴吹＿＿＿＿　32.7　.　13　.　101.9　.　16(16)　2近永
鹿児島大学.　1東市来＿＿　30.6　.　17　.　098.3　.　17(17)　2川内
琉球大学＿＿.　1北原＿＿＿＿　30.2　.　18　.　092.6　.　18(18)　2仲筋

--- [速報モード] 速報データを realtime_report.json に保存しました ---
realtime_report.json に変更を検出しました。GitHubにプッシュします。
[main 96bf33f] Update realtime report [bot] 2025-07-25 10:50:04
 1 file changed, 16 insertions(+), 16 deletions(-)
fatal: could not read Username for 'https://github.com': Device not configured
プッシュが完了しました。
処理が正常に完了しました。

--- 2025-07-25 11:00:00 ---
リアルタイム速報の更新を開始します...
generate_report.py を実行中...
速報を生成中... 全チームの気温データを取得しています。
  福島大学 のデータを取得中...
  学連選抜 のデータを取得中...
  立命館大学 のデータを取得中...
  上武大学 のデータを取得中...
  東北大学 のデータを取得中...
  福岡大学 のデータを取得中...
  関西大学 のデータを取得中...
  鳥取大学 のデータを取得中...
  名古屋大学 のデータを取得中...
  広島経済大学 のデータを取得中...
  熊本学園大学 のデータを取得中...
  日本大学 のデータを取得中...
  山梨学院大学 のデータを取得中...
  金沢大学 のデータを取得中...
  三重大学 のデータを取得中...
  四国大学 のデータを取得中...
  鹿児島大学 のデータを取得中...
  琉球大学 のデータを取得中...

--- 速報生成完了 ---
7月25日　3日目　 速報（11:00現在）

　 　 　 　 　 　 　　 　 　　本日　.　.　.　.　.総合
　大学名　.　.　走者　.　距離 . 順位　.　距離　. 　順位　. 次走者　.　被交代選手　
福島大学＿＿.　1梁川＿＿＿＿　36.4　.　01　.　114.4　.　01(01)　2石川
上武大学＿＿.　1佐野＿＿＿＿　34.3　.　06　.　109.5　.　02(04)　2越谷
東北大学＿＿.　1帯広＿＿＿＿　34.1　.　08　.　109.3　.　03(04)　2山形
学連選抜＿＿.　1美幌＿＿＿＿　32.8　.　13　.　109.3　.　03(02)　2新潟
関西大学＿＿.　1福崎＿＿＿＿　34.5　.　05　.　108.9　.　05(07)　2和田山
立命館大学.　1東近江＿＿　32.6　.　14　.　108.9　.　05(03)　2福知山
福岡大学＿＿.　1久留米＿＿　34.2　.　07　.　108.8　.　07(06)　2福岡
熊本学園大学.　1甲佐＿＿＿＿　35.4　.　02　.　108.0　.　08(11)　2岱明
金沢大学＿＿.　1秋ヶ島＿＿　35.1　.　03　.　106.8　.　09(13)　2伏木
鳥取大学＿＿.　1川本＿＿＿＿　33.3　.　10　.　106.7　.　10(08)　2鳥取
---------------------------------------------------　
日本大学＿＿.　1大子＿＿＿＿　34.8　.　04　.　106.6　.　11(12)　2古河
名古屋大学.　1美濃加茂　33.3　.　10　.　106.6　.　11(09)　2美濃
山梨学院大学.　1長野＿＿＿＿　33.4　.　09　.　105.1　.　13(13)　2南信濃
広島経済大学.　1三次＿＿＿＿　31.4　.　16　.　104.2　.　14(10)　2加計
三重大学＿＿.　1粥見＿＿＿＿　32.3　.　15　.　102.9　.　15(15)　2五條
四国大学＿＿.　1穴吹＿＿＿＿　33.1　.　12　.　102.3　.　16(16)　2近永
鹿児島大学.　1東市来＿＿　30.7　.　17　.　098.4　.　17(17)　2川内
琉球大学＿＿.　1北原＿＿＿＿　30.2　.　18　.　092.6　.　18(18)　2仲筋

--- [速報モード] 速報データを realtime_report.json に保存しました ---
realtime_report.json に変更を検出しました。GitHubにプッシュします。
[main 291a8f2] Update realtime report [bot] 2025-07-25 11:00:05
 1 file changed, 1 insertion(+), 1 deletion(-)
fatal: could not read Username for 'https://github.com': Device not configured
プッシュが完了しました。
処理が正常に完了しました。

--- 2025-07-25 11:10:00 ---
リアルタイム速報の更新を開始します...
generate_report.py を実行中...
速報を生成中... 全チームの気温データを取得しています。
  福島大学 のデータを取得中...
  学連選抜 のデータを取得中...
  立命館大学 のデータを取得中...
  上武大学 のデータを取得中...
  東北大学 のデータを取得中...
  福岡大学 のデータを取得中...
  関西大学 のデータを取得中...
  鳥取大学 のデータを取得中...
  名古屋大学 のデータを取得中...
  広島経済大学 のデータを取得中...
  熊本学園大学 のデータを取得中...
  日本大学 のデータを取得中...
  山梨学院大学 のデータを取得中...
  金沢大学 のデータを取得中...
  三重大学 のデータを取得中...
  四国大学 のデータを取得中...
  鹿児島大学 のデータを取得中...
  琉球大学 のデータを取得中...

--- 速報生成完了 ---
7月25日　3日目　 速報（11:10現在）

　 　 　 　 　 　 　　 　 　　本日　.　.　.　.　.総合
　大学名　.　.　走者　.　距離 . 順位　.　距離　. 　順位　. 次走者　.　被交代選手　
福島大学＿＿.　1梁川＿＿＿＿　37.4　.　01　.　115.4　.　01(01)　2石川
学連選抜＿＿.　1美幌＿＿＿＿　33.3　.　13　.　109.8　.　02(02)　2新潟
上武大学＿＿.　1佐野＿＿＿＿　34.3　.　07　.　109.5　.　03(04)　2越谷
東北大学＿＿.　1帯広＿＿＿＿　34.1　.　08　.　109.3　.　04(04)　2山形
立命館大学.　1東近江＿＿　32.9　.　14　.　109.2　.　05(03)　2福知山
福岡大学＿＿.　1久留米＿＿　34.5　.　05　.　109.1　.　06(06)　2福岡
関西大学＿＿.　1福崎＿＿＿＿　34.5　.　05　.　108.9　.　07(07)　2和田山
熊本学園大学.　1甲佐＿＿＿＿　35.4　.　02　.　108.0　.　08(11)　2岱明
金沢大学＿＿.　1秋ヶ島＿＿　35.1　.　03　.　106.8　.　09(13)　2伏木
名古屋大学.　1美濃加茂　33.5　.　11　.　106.8　.　09(09)　2美濃
---------------------------------------------------　
鳥取大学＿＿.　1川本＿＿＿＿　33.4　.　12　.　106.8　.　09(08)　2鳥取
日本大学＿＿.　1大子＿＿＿＿　34.8　.　04　.　106.6　.　12(12)　2古河
山梨学院大学.　1長野＿＿＿＿　33.6　.　10　.　105.3　.　13(13)　2南信濃
広島経済大学.　1三次＿＿＿＿　31.4　.　16　.　104.2　.　14(10)　2加計
三重大学＿＿.　1粥見＿＿＿＿　32.8　.　15　.　103.4　.　15(15)　2五條
四国大学＿＿.　1穴吹＿＿＿＿　34.0　.　09　.　103.2　.　16(16)　2近永
鹿児島大学.　1東市来＿＿　30.7　.　17　.　098.4　.　17(17)　2川内
琉球大学＿＿.　1北原＿＿＿＿　30.2　.　18　.　092.6　.　18(18)　2仲筋

--- [速報モード] 速報データを realtime_report.json に保存しました ---
realtime_report.json に変更を検出しました。GitHubにプッシュします。
[main d560237] Update realtime report [bot] 2025-07-25 11:10:04
 1 file changed, 1 insertion(+), 1 deletion(-)
ERROR: Permission to threeblind/maxweather.git denied to cryptomerry.
fatal: Could not read from remote repository.

Please make sure you have the correct access rights
and the repository exists.
プッシュが完了しました。
処理が正常に完了しました。

--- 2025-07-25 11:30:00 ---
リアルタイム速報の更新を開始します...
generate_report.py を実行中...
速報を生成中... 全チームの気温データを取得しています。
  福島大学 のデータを取得中...
  学連選抜 のデータを取得中...
  立命館大学 のデータを取得中...
  上武大学 のデータを取得中...
  東北大学 のデータを取得中...
  福岡大学 のデータを取得中...
  関西大学 のデータを取得中...
  鳥取大学 のデータを取得中...
  名古屋大学 のデータを取得中...
  広島経済大学 のデータを取得中...
  熊本学園大学 のデータを取得中...
  日本大学 のデータを取得中...
  山梨学院大学 のデータを取得中...
  金沢大学 のデータを取得中...
  三重大学 のデータを取得中...
  四国大学 のデータを取得中...
  鹿児島大学 のデータを取得中...
  琉球大学 のデータを取得中...

--- 速報生成完了 ---
7月25日　3日目　 速報（11:30現在）

　 　 　 　 　 　 　　 　 　　本日　.　.　.　.　.総合
　大学名　.　.　走者　.　距離 . 順位　.　距離　. 　順位　. 次走者　.　被交代選手　
福島大学＿＿.　1梁川＿＿＿＿　37.4　.　01　.　115.4　.　01(01)　2石川
学連選抜＿＿.　1美幌＿＿＿＿　34.1　.　11　.　110.6　.　02(02)　2新潟
上武大学＿＿.　1佐野＿＿＿＿　34.7　.　05　.　109.9　.　03(04)　2越谷
東北大学＿＿.　1帯広＿＿＿＿　34.6　.　07　.　109.8　.　04(04)　2山形
立命館大学.　1東近江＿＿　33.4　.　13　.　109.7　.　05(03)　2福知山
福岡大学＿＿.　1久留米＿＿　34.7　.　05　.　109.3　.　06(06)　2福岡
関西大学＿＿.　1福崎＿＿＿＿　34.5　.　08　.　108.9　.　07(07)　2和田山
熊本学園大学.　1甲佐＿＿＿＿　35.7　.　02　.　108.3　.　08(11)　2岱明
名古屋大学.　1美濃加茂　34.4　.　09　.　107.7　.　09(09)　2美濃
日本大学＿＿.　1大子＿＿＿＿　35.4　.　03　.　107.2　.　10(12)　2古河
---------------------------------------------------　
金沢大学＿＿.　1秋ヶ島＿＿　35.1　.　04　.　106.8　.　11(13)　2伏木
鳥取大学＿＿.　1川本＿＿＿＿　33.4　.　13　.　106.8　.　11(08)　2鳥取
山梨学院大学.　1長野＿＿＿＿　34.4　.　09　.　106.1　.　13(13)　2南信濃
広島経済大学.　1三次＿＿＿＿　32.7　.　16　.　105.5　.　14(10)　2加計
三重大学＿＿.　1粥見＿＿＿＿　32.8　.　15　.　103.4　.　15(15)　2五條
四国大学＿＿.　1穴吹＿＿＿＿　34.0　.　12　.　103.2　.　16(16)　2近永
鹿児島大学.　1東市来＿＿　30.7　.　17　.　098.4　.　17(17)　2川内
琉球大学＿＿.　1北原＿＿＿＿　30.2　.　18　.　092.6　.　18(18)　2仲筋

--- [速報モード] 速報データを realtime_report.json に保存しました ---
realtime_report.json に変更を検出しました。GitHubにプッシュします。
[main cc9b3fe] Update realtime report [bot] 2025-07-25 11:30:05
 1 file changed, 1 insertion(+), 1 deletion(-)
fatal: could not read Username for 'https://github.com': Device not configured
エラー: プッシュに失敗しました。GitHubの権限またはSSHキーの設定を確認してください。
処理が正常に完了しました。

--- 2025-07-25 11:40:00 ---
リアルタイム速報の更新を開始します...
generate_report.py を実行中...
速報を生成中... 全チームの気温データを取得しています。
  福島大学 のデータを取得中...
  学連選抜 のデータを取得中...
  立命館大学 のデータを取得中...
  上武大学 のデータを取得中...
  東北大学 のデータを取得中...
  福岡大学 のデータを取得中...
  関西大学 のデータを取得中...
  鳥取大学 のデータを取得中...
  名古屋大学 のデータを取得中...
  広島経済大学 のデータを取得中...
  熊本学園大学 のデータを取得中...
  日本大学 のデータを取得中...
  山梨学院大学 のデータを取得中...
  金沢大学 のデータを取得中...
  三重大学 のデータを取得中...
  四国大学 のデータを取得中...
  鹿児島大学 のデータを取得中...
  琉球大学 のデータを取得中...

--- 速報生成完了 ---
7月25日　3日目　 速報（11:40現在）

　 　 　 　 　 　 　　 　 　　本日　.　.　.　.　.総合
　大学名　.　.　走者　.　距離 . 順位　.　距離　. 　順位　. 次走者　.　被交代選手　
福島大学＿＿.　1梁川＿＿＿＿　37.4　.　01　.　115.4　.　01(01)　2石川
学連選抜＿＿.　1美幌＿＿＿＿　34.1　.　13　.　110.6　.　02(02)　2新潟
上武大学＿＿.　1佐野＿＿＿＿　34.7　.　07　.　109.9　.　03(04)　2越谷
東北大学＿＿.　1帯広＿＿＿＿　34.7　.　07　.　109.9　.　03(04)　2山形
福岡大学＿＿.　1久留米＿＿　35.2　.　04　.　109.8　.　05(06)　2福岡
立命館大学.　1東近江＿＿　33.5　.　14　.　109.8　.　05(03)　2福知山
関西大学＿＿.　1福崎＿＿＿＿　34.5　.　10　.　108.9　.　07(07)　2和田山
熊本学園大学.　1甲佐＿＿＿＿　35.7　.　03　.　108.3　.　08(11)　2岱明
名古屋大学.　1美濃加茂　34.8　.　06　.　108.1　.　09(09)　2美濃
鳥取大学＿＿.　1川本＿＿＿＿　34.5　.　10　.　107.9　.　10(08)　2鳥取
---------------------------------------------------　
日本大学＿＿.　1大子＿＿＿＿　35.8　.　02　.　107.6　.　11(12)　2古河
金沢大学＿＿.　1秋ヶ島＿＿　35.1　.　05　.　106.8　.　12(13)　2伏木
山梨学院大学.　1長野＿＿＿＿　34.6　.　09　.　106.3　.　13(13)　2南信濃
広島経済大学.　1三次＿＿＿＿　32.7　.　16　.　105.5　.　14(10)　2加計
四国大学＿＿.　1穴吹＿＿＿＿　34.4　.　12　.　103.6　.　15(16)　2近永
三重大学＿＿.　1粥見＿＿＿＿　32.8　.　15　.　103.4　.　16(15)　2五條
鹿児島大学.　1東市来＿＿　30.7　.　17　.　098.4　.　17(17)　2川内
琉球大学＿＿.　1北原＿＿＿＿　30.2　.　18　.　092.6　.　18(18)　2仲筋

--- [速報モード] 速報データを realtime_report.json に保存しました ---
realtime_report.json に変更を検出しました。GitHubにプッシュします。
[main 888cd59] Update realtime report [bot] 2025-07-25 11:40:05
 1 file changed, 16 insertions(+), 16 deletions(-)
To github.com:threeblind/maxweather.git
 ! [rejected]        main -> main (non-fast-forward)
error: failed to push some refs to 'github.com:threeblind/maxweather.git'
hint: Updates were rejected because the tip of your current branch is behind
hint: its remote counterpart. Integrate the remote changes (e.g.
hint: 'git pull ...') before pushing again.
hint: See the 'Note about fast-forwards' in 'git push --help' for details.
エラー: プッシュに失敗しました。GitHubの権限またはSSHキーの設定を確認してください。
処理が正常に完了しました。

--- 2025-07-25 11:50:00 ---
リアルタイム速報の更新を開始します...
generate_report.py を実行中...
速報を生成中... 全チームの気温データを取得しています。
  福島大学 のデータを取得中...
  学連選抜 のデータを取得中...
  立命館大学 のデータを取得中...
  上武大学 のデータを取得中...
  東北大学 のデータを取得中...
  福岡大学 のデータを取得中...
  関西大学 のデータを取得中...
  鳥取大学 のデータを取得中...
  名古屋大学 のデータを取得中...
  広島経済大学 のデータを取得中...
  熊本学園大学 のデータを取得中...
  日本大学 のデータを取得中...
  山梨学院大学 のデータを取得中...
  金沢大学 のデータを取得中...
  三重大学 のデータを取得中...
  四国大学 のデータを取得中...
  鹿児島大学 のデータを取得中...
  琉球大学 のデータを取得中...

--- 速報生成完了 ---
7月25日　3日目　 速報（11:50現在）

　 　 　 　 　 　 　　 　 　　本日　.　.　.　.　.総合
　大学名　.　.　走者　.　距離 . 順位　.　距離　. 　順位　. 次走者　.　被交代選手　
福島大学＿＿.　1梁川＿＿＿＿　37.6　.　01　.　115.6　.　01(01)　2石川
福岡大学＿＿.　1久留米＿＿　36.5　.　02　.　111.1　.　02(06)　2福岡
学連選抜＿＿.　1美幌＿＿＿＿　34.5　.　11　.　111.0　.　03(02)　2新潟
東北大学＿＿.　1帯広＿＿＿＿　35.0　.　08　.　110.2　.　04(04)　2山形
上武大学＿＿.　1佐野＿＿＿＿　34.7　.　10　.　109.9　.　05(04)　2越谷
立命館大学.　1東近江＿＿　33.5　.　14　.　109.8　.　06(03)　2福知山
関西大学＿＿.　1福崎＿＿＿＿　34.5　.　11　.　108.9　.　07(07)　2和田山
熊本学園大学.　1甲佐＿＿＿＿　35.7　.　05　.　108.3　.　08(11)　2岱明
名古屋大学.　1美濃加茂　34.9　.　09　.　108.2　.　09(09)　2美濃
鳥取大学＿＿.　1川本＿＿＿＿　34.5　.　11　.　107.9　.　10(08)　2鳥取
---------------------------------------------------　
日本大学＿＿.　1大子＿＿＿＿　35.8　.　04　.　107.6　.　11(12)　2古河
山梨学院大学.　1長野＿＿＿＿　35.4　.　06　.　107.1　.　12(13)　2南信濃
金沢大学＿＿.　1秋ヶ島＿＿　35.1　.　07　.　106.8　.　13(13)　2伏木
広島経済大学.　1三次＿＿＿＿　32.7　.　16　.　105.5　.　14(10)　2加計
四国大学＿＿.　1穴吹＿＿＿＿　36.0　.　03　.　105.2　.　15(16)　2近永
三重大学＿＿.　1粥見＿＿＿＿　32.8　.　15　.　103.4　.　16(15)　2五條
鹿児島大学.　1東市来＿＿　30.7　.　17　.　098.4　.　17(17)　2川内
琉球大学＿＿.　1北原＿＿＿＿　30.2　.　18　.　092.6　.　18(18)　2仲筋

--- [速報モード] 速報データを realtime_report.json に保存しました ---
realtime_report.json に変更を検出しました。GitHubにプッシュします。
[main 447bef9] Update realtime report [bot] 2025-07-25 11:50:04
 1 file changed, 56 insertions(+), 56 deletions(-)
リモートの変更を取り込んでいます (git pull --rebase)...
error: cannot pull with rebase: You have unstaged changes.
error: please commit or stash them.
To github.com:threeblind/maxweather.git
   c6fcb07..447bef9  main -> main
プッシュが完了しました。
処理が正常に完了しました。

--- 2025-07-25 12:05:00 ---
リアルタイム速報の更新を開始します...
generate_report.py を実行中...
速報を生成中... 全チームの気温データを取得しています。
  福島大学 のデータを取得中...
  学連選抜 のデータを取得中...
  立命館大学 のデータを取得中...
  上武大学 のデータを取得中...
  東北大学 のデータを取得中...
  福岡大学 のデータを取得中...
  関西大学 のデータを取得中...
  鳥取大学 のデータを取得中...
  名古屋大学 のデータを取得中...
  広島経済大学 のデータを取得中...
  熊本学園大学 のデータを取得中...
  日本大学 のデータを取得中...
  山梨学院大学 のデータを取得中...
  金沢大学 のデータを取得中...
  三重大学 のデータを取得中...
  四国大学 のデータを取得中...
  鹿児島大学 のデータを取得中...
  琉球大学 のデータを取得中...

--- 速報生成完了 ---
7月25日　3日目　 速報（12:05現在）

　 　 　 　 　 　 　　 　 　　本日　.　.　.　.　.総合
　大学名　.　.　走者　.　距離 . 順位　.　距離　. 　順位　. 次走者　.　被交代選手　
福島大学＿＿.　1梁川＿＿＿＿　37.6　.　01　.　115.6　.　01(01)　2石川
福岡大学＿＿.　1久留米＿＿　36.6　.　02　.　111.2　.　02(06)　2福岡
学連選抜＿＿.　1美幌＿＿＿＿　34.7　.　12　.　111.2　.　02(02)　2新潟
上武大学＿＿.　1佐野＿＿＿＿　35.3　.　07　.　110.5　.　04(04)　2越谷
東北大学＿＿.　1帯広＿＿＿＿　35.0　.　10　.　110.2　.　05(04)　2山形
立命館大学.　1東近江＿＿　33.8　.　14　.　110.1　.　06(03)　2福知山
関西大学＿＿.　1福崎＿＿＿＿　34.6　.　13　.　109.0　.　07(07)　2和田山
鳥取大学＿＿.　1川本＿＿＿＿　35.2　.　08　.　108.6　.　08(08)　2鳥取
熊本学園大学.　1甲佐＿＿＿＿　35.7　.　05　.　108.3　.　09(11)　2岱明
名古屋大学.　1美濃加茂　34.9　.　11　.　108.2　.　10(09)　2美濃
---------------------------------------------------　
日本大学＿＿.　1大子＿＿＿＿　35.8　.　04　.　107.6　.　11(12)　2古河
山梨学院大学.　1長野＿＿＿＿　35.4　.　06　.　107.1　.　12(13)　2南信濃
金沢大学＿＿.　1秋ヶ島＿＿　35.1　.　09　.　106.8　.　13(13)　2伏木
広島経済大学.　1三次＿＿＿＿　32.9　.　16　.　105.7　.　14(10)　2加計
四国大学＿＿.　1穴吹＿＿＿＿　36.0　.　03　.　105.2　.　15(16)　2近永
三重大学＿＿.　1粥見＿＿＿＿　33.4　.　15　.　104.0　.　16(15)　2五條
鹿児島大学.　1東市来＿＿　30.7　.　17　.　098.4　.　17(17)　2川内
琉球大学＿＿.　1北原＿＿＿＿　30.2　.　18　.　092.6　.　18(18)　2仲筋

--- [速報モード] 速報データを realtime_report.json に保存しました ---
realtime_report.json に変更を検出しました。GitHubにプッシュします。
[main 4619bfd] Update realtime report [bot] 2025-07-25 12:05:04
 1 file changed, 45 insertions(+), 45 deletions(-)
リモートの変更を取り込んでいます (git pull --rebase)...
error: cannot pull with rebase: You have unstaged changes.
error: please commit or stash them.
To github.com:threeblind/maxweather.git
   409f7f5..4619bfd  main -> main
プッシュが完了しました。
処理が正常に完了しました。

--- 2025-07-25 12:15:00 ---
リアルタイム速報の更新を開始します...
generate_report.py を実行中...
速報を生成中... 全チームの気温データを取得しています。
  福島大学 のデータを取得中...
  学連選抜 のデータを取得中...
  立命館大学 のデータを取得中...
  上武大学 のデータを取得中...
  東北大学 のデータを取得中...
  福岡大学 のデータを取得中...
  関西大学 のデータを取得中...
  鳥取大学 のデータを取得中...
  名古屋大学 のデータを取得中...
  広島経済大学 のデータを取得中...
  熊本学園大学 のデータを取得中...
  日本大学 のデータを取得中...
  山梨学院大学 のデータを取得中...
  金沢大学 のデータを取得中...
  三重大学 のデータを取得中...
  四国大学 のデータを取得中...
  鹿児島大学 のデータを取得中...
  琉球大学 のデータを取得中...

--- 速報生成完了 ---
7月25日　3日目　 速報（12:15現在）

　 　 　 　 　 　 　　 　 　　本日　.　.　.　.　.総合
　大学名　.　.　走者　.　距離 . 順位　.　距離　. 　順位　. 次走者　.　被交代選手　
福島大学＿＿.　1梁川＿＿＿＿　37.8　.　01　.　115.8　.　01(01)　2石川
学連選抜＿＿.　1美幌＿＿＿＿　35.3　.　08　.　111.8　.　02(02)　2新潟
福岡大学＿＿.　1久留米＿＿　36.6　.　02　.　111.2　.　03(06)　2福岡
上武大学＿＿.　1佐野＿＿＿＿　35.9　.　05　.　111.1　.　04(04)　2越谷
立命館大学.　1東近江＿＿　34.3　.　14　.　110.6　.　05(03)　2福知山
東北大学＿＿.　1帯広＿＿＿＿　35.2　.　10　.　110.4　.　06(04)　2山形
関西大学＿＿.　1福崎＿＿＿＿　34.8　.　13　.　109.2　.　07(07)　2和田山
名古屋大学.　1美濃加茂　35.3　.　08　.　108.6　.　08(09)　2美濃
鳥取大学＿＿.　1川本＿＿＿＿　35.2　.　10　.　108.6　.　08(08)　2鳥取
熊本学園大学.　1甲佐＿＿＿＿　35.7　.　07　.　108.3　.　10(11)　2岱明
---------------------------------------------------　
山梨学院大学.　1長野＿＿＿＿　36.3　.　03　.　108.0　.　11(13)　2南信濃
日本大学＿＿.　1大子＿＿＿＿　35.8　.　06　.　107.6　.　12(12)　2古河
金沢大学＿＿.　1秋ヶ島＿＿　35.1　.　12　.　106.8　.　13(13)　2伏木
広島経済大学.　1三次＿＿＿＿　33.1　.　16　.　105.9　.　14(10)　2加計
四国大学＿＿.　1穴吹＿＿＿＿　36.0　.　04　.　105.2　.　15(16)　2近永
三重大学＿＿.　1粥見＿＿＿＿　33.4　.　15　.　104.0　.　16(15)　2五條
鹿児島大学.　1東市来＿＿　30.7　.　17　.　098.4　.　17(17)　2川内
琉球大学＿＿.　1北原＿＿＿＿　30.2　.　18　.　092.6　.　18(18)　2仲筋

--- [速報モード] 速報データを realtime_report.json に保存しました ---
realtime_report.json に変更を検出しました。GitHubにプッシュします。
[main 68e2c67] Update realtime report [bot] 2025-07-25 12:15:05
 1 file changed, 66 insertions(+), 66 deletions(-)
リモートの変更を取り込んでいます (git pull --rebase)...
error: cannot pull with rebase: You have unstaged changes.
error: please commit or stash them.
To github.com:threeblind/maxweather.git
   8c2a323..68e2c67  main -> main
プッシュが完了しました。
処理が正常に完了しました。

--- 2025-07-25 12:25:00 ---
リアルタイム速報の更新を開始します...
generate_report.py を実行中...
速報を生成中... 全チームの気温データを取得しています。
  福島大学 のデータを取得中...
  学連選抜 のデータを取得中...
  立命館大学 のデータを取得中...
  上武大学 のデータを取得中...
  東北大学 のデータを取得中...
  福岡大学 のデータを取得中...
  関西大学 のデータを取得中...
  鳥取大学 のデータを取得中...
  名古屋大学 のデータを取得中...
  広島経済大学 のデータを取得中...
  熊本学園大学 のデータを取得中...
  日本大学 のデータを取得中...
  山梨学院大学 のデータを取得中...
  金沢大学 のデータを取得中...
  三重大学 のデータを取得中...
  四国大学 のデータを取得中...
  鹿児島大学 のデータを取得中...
  琉球大学 のデータを取得中...

--- 速報生成完了 ---
7月25日　3日目　 速報（12:25現在）

　 　 　 　 　 　 　　 　 　　本日　.　.　.　.　.総合
　大学名　.　.　走者　.　距離 . 順位　.　距離　. 　順位　. 次走者　.　被交代選手　
福島大学＿＿.　1梁川＿＿＿＿　37.8　.　01　.　115.8　.　01(01)　2石川
学連選抜＿＿.　1美幌＿＿＿＿　35.3　.　09　.　111.8　.　02(02)　2新潟
上武大学＿＿.　1佐野＿＿＿＿　36.3　.　03　.　111.5　.　03(04)　2越谷
福岡大学＿＿.　1久留米＿＿　36.6　.　02　.　111.2　.　04(06)　2福岡
東北大学＿＿.　1帯広＿＿＿＿　35.7　.　08　.　110.9　.　05(04)　2山形
立命館大学.　1東近江＿＿　34.3　.　14　.　110.6　.　06(03)　2福知山
関西大学＿＿.　1福崎＿＿＿＿　34.8　.　13　.　109.2　.　07(07)　2和田山
名古屋大学.　1美濃加茂　35.3　.　09　.　108.6　.　08(09)　2美濃
鳥取大学＿＿.　1川本＿＿＿＿　35.2　.　11　.　108.6　.　08(08)　2鳥取
熊本学園大学.　1甲佐＿＿＿＿　35.8　.　06　.　108.4　.　10(11)　2岱明
---------------------------------------------------　
山梨学院大学.　1長野＿＿＿＿　36.3　.　03　.　108.0　.　11(13)　2南信濃
日本大学＿＿.　1大子＿＿＿＿　35.8　.　06　.　107.6　.　12(12)　2古河
金沢大学＿＿.　1秋ヶ島＿＿　35.1　.　12　.　106.8　.　13(13)　2伏木
広島経済大学.　1三次＿＿＿＿　33.7　.　15　.　106.5　.　14(10)　2加計
四国大学＿＿.　1穴吹＿＿＿＿　36.0　.　05　.　105.2　.　15(16)　2近永
三重大学＿＿.　1粥見＿＿＿＿　33.4　.　16　.　104.0　.　16(15)　2五條
鹿児島大学.　1東市来＿＿　30.7　.　17　.　098.4　.　17(17)　2川内
琉球大学＿＿.　1北原＿＿＿＿　30.2　.　18　.　092.6　.　18(18)　2仲筋

--- [速報モード] 速報データを realtime_report.json に保存しました ---
realtime_report.json に変更を検出しました。GitHubにプッシュします。
[main 6e76f25] Update realtime report [bot] 2025-07-25 12:25:04
 1 file changed, 34 insertions(+), 34 deletions(-)
リモートの変更を取り込んでいます (git pull --rebase)...
error: cannot pull with rebase: You have unstaged changes.
error: please commit or stash them.
To github.com:threeblind/maxweather.git
   ebe5528..6e76f25  main -> main
プッシュが完了しました。
処理が正常に完了しました。

--- 2025-07-25 12:35:00 ---
リアルタイム速報の更新を開始します...
generate_report.py を実行中...
速報を生成中... 全チームの気温データを取得しています。
  福島大学 のデータを取得中...
  学連選抜 のデータを取得中...
  立命館大学 のデータを取得中...
  上武大学 のデータを取得中...
  東北大学 のデータを取得中...
  福岡大学 のデータを取得中...
  関西大学 のデータを取得中...
  鳥取大学 のデータを取得中...
  名古屋大学 のデータを取得中...
  広島経済大学 のデータを取得中...
  熊本学園大学 のデータを取得中...
  日本大学 のデータを取得中...
  山梨学院大学 のデータを取得中...
  金沢大学 のデータを取得中...
  三重大学 のデータを取得中...
  四国大学 のデータを取得中...
  鹿児島大学 のデータを取得中...
  琉球大学 のデータを取得中...

--- 速報生成完了 ---
7月25日　3日目　 速報（12:35現在）

　 　 　 　 　 　 　　 　 　　本日　.　.　.　.　.総合
　大学名　.　.　走者　.　距離 . 順位　.　距離　. 　順位　. 次走者　.　被交代選手　
福島大学＿＿.　1梁川＿＿＿＿　37.8　.　01　.　115.8　.　01(01)　2石川
学連選抜＿＿.　1美幌＿＿＿＿　35.9　.　07　.　112.4　.　02(02)　2新潟
上武大学＿＿.　1佐野＿＿＿＿　36.3　.　03　.　111.5　.　03(04)　2越谷
東北大学＿＿.　1帯広＿＿＿＿　36.1　.　05　.　111.3　.　04(04)　2山形
福岡大学＿＿.　1久留米＿＿　36.6　.　02　.　111.2　.　05(06)　2福岡
立命館大学.　1東近江＿＿　34.3　.　14　.　110.6　.　06(03)　2福知山
関西大学＿＿.　1福崎＿＿＿＿　34.9　.　13　.　109.3　.　07(07)　2和田山
名古屋大学.　1美濃加茂　35.3　.　10　.　108.6　.　08(09)　2美濃
鳥取大学＿＿.　1川本＿＿＿＿　35.2　.　11　.　108.6　.　08(08)　2鳥取
熊本学園大学.　1甲佐＿＿＿＿　35.8　.　08　.　108.4　.　10(11)　2岱明
---------------------------------------------------　
山梨学院大学.　1長野＿＿＿＿　36.3　.　03　.　108.0　.　11(13)　2南信濃
日本大学＿＿.　1大子＿＿＿＿　35.8　.　08　.　107.6　.　12(12)　2古河
金沢大学＿＿.　1秋ヶ島＿＿　35.2　.　11　.　106.9　.　13(13)　2伏木
広島経済大学.　1三次＿＿＿＿　33.7　.　15　.　106.5　.　14(10)　2加計
四国大学＿＿.　1穴吹＿＿＿＿　36.0　.　06　.　105.2　.　15(16)　2近永
三重大学＿＿.　1粥見＿＿＿＿　33.4　.　16　.　104.0　.　16(15)　2五條
鹿児島大学.　1東市来＿＿　30.7　.　17　.　098.4　.　17(17)　2川内
琉球大学＿＿.　1北原＿＿＿＿　30.4　.　18　.　092.8　.　18(18)　2仲筋

--- [速報モード] 速報データを realtime_report.json に保存しました ---
realtime_report.json に変更を検出しました。GitHubにプッシュします。
[main 8fb125c] Update realtime report [bot] 2025-07-25 12:35:03
 1 file changed, 28 insertions(+), 28 deletions(-)
リモートの変更を取り込んでいます (git pull --rebase)...
error: cannot pull with rebase: You have unstaged changes.
error: please commit or stash them.
--- 2025-07-25 12:45:00 ---
リアルタイム速報の更新を開始します...
generate_report.py を実行中...
速報を生成中... 全チームの気温データを取得しています。
  福島大学 のデータを取得中...
  学連選抜 のデータを取得中...
  立命館大学 のデータを取得中...
  上武大学 のデータを取得中...
  東北大学 のデータを取得中...
  福岡大学 のデータを取得中...
  関西大学 のデータを取得中...
  鳥取大学 のデータを取得中...
  名古屋大学 のデータを取得中...
  広島経済大学 のデータを取得中...
  熊本学園大学 のデータを取得中...
  日本大学 のデータを取得中...
  山梨学院大学 のデータを取得中...
  金沢大学 のデータを取得中...
  三重大学 のデータを取得中...
  四国大学 のデータを取得中...
  鹿児島大学 のデータを取得中...
  琉球大学 のデータを取得中...

--- 速報生成完了 ---
7月25日　3日目　 速報（12:45現在）

　 　 　 　 　 　 　　 　 　　本日　.　.　.　.　.総合
　大学名　.　.　走者　.　距離 . 順位　.　距離　. 　順位　. 次走者　.　被交代選手　
福島大学＿＿.　1梁川＿＿＿＿　37.8　.　01　.　115.8　.　01(01)　2石川
学連選抜＿＿.　1美幌＿＿＿＿　36.3　.　04　.　112.8　.　02(02)　2新潟
上武大学＿＿.　1佐野＿＿＿＿　36.4　.　03　.　111.6　.　03(04)　2越谷
東北大学＿＿.　1帯広＿＿＿＿　36.1　.　07　.　111.3　.　04(04)　2山形
福岡大学＿＿.　1久留米＿＿　36.6　.　02　.　111.2　.　05(06)　2福岡
立命館大学.　1東近江＿＿　34.7　.　14　.　111.0　.　06(03)　2福知山
関西大学＿＿.　1福崎＿＿＿＿　34.9　.　13　.　109.3　.　07(07)　2和田山
熊本学園大学.　1甲佐＿＿＿＿　36.2　.　06　.　108.8　.　08(11)　2岱明
名古屋大学.　1美濃加茂　35.3　.　11　.　108.6　.　09(09)　2美濃
鳥取大学＿＿.　1川本＿＿＿＿　35.2　.　12　.　108.6　.　09(08)　2鳥取
---------------------------------------------------　
山梨学院大学.　1長野＿＿＿＿　36.3　.　04　.　108.0　.　11(13)　2南信濃
日本大学＿＿.　1大子＿＿＿＿　35.8　.　09　.　107.6　.　12(12)　2古河
金沢大学＿＿.　1秋ヶ島＿＿　35.5　.　10　.　107.2　.　13(13)　2伏木
広島経済大学.　1三次＿＿＿＿　33.7　.　15　.　106.5　.　14(10)　2加計
四国大学＿＿.　1穴吹＿＿＿＿　36.1　.　07　.　105.3　.　15(16)　2近永
三重大学＿＿.　1粥見＿＿＿＿　33.4　.　16　.　104.0　.　16(15)　2五條
鹿児島大学.　1東市来＿＿　30.7　.　17　.　098.4　.　17(17)　2川内
琉球大学＿＿.　1北原＿＿＿＿　30.5　.　18　.　092.9　.　18(18)　2仲筋

--- [速報モード] 速報データを realtime_report.json に保存しました ---
realtime_report.json に変更を検出しました。GitHubにプッシュします。
[main 91a3d2a] Update realtime report [bot] 2025-07-25 12:45:04
 1 file changed, 35 insertions(+), 35 deletions(-)
リモートの変更を取り込んでいます (git pull --rebase)...
error: cannot pull with rebase: You have unstaged changes.
error: please commit or stash them.
--- 2025-07-25 12:55:01 ---
リアルタイム速報の更新を開始します...
generate_report.py を実行中...
速報を生成中... 全チームの気温データを取得しています。
  福島大学 のデータを取得中...
  学連選抜 のデータを取得中...
  立命館大学 のデータを取得中...
  上武大学 のデータを取得中...
  東北大学 のデータを取得中...
  福岡大学 のデータを取得中...
  関西大学 のデータを取得中...
  鳥取大学 のデータを取得中...
  名古屋大学 のデータを取得中...
  広島経済大学 のデータを取得中...
  熊本学園大学 のデータを取得中...
  日本大学 のデータを取得中...
  山梨学院大学 のデータを取得中...
  金沢大学 のデータを取得中...
  三重大学 のデータを取得中...
  四国大学 のデータを取得中...
  鹿児島大学 のデータを取得中...
  琉球大学 のデータを取得中...

--- 速報生成完了 ---
7月25日　3日目　 速報（12:55現在）

　 　 　 　 　 　 　　 　 　　本日　.　.　.　.　.総合
　大学名　.　.　走者　.　距離 . 順位　.　距離　. 　順位　. 次走者　.　被交代選手　
福島大学＿＿.　1梁川＿＿＿＿　38.2　.　01　.　116.2　.　01(01)　2石川
学連選抜＿＿.　1美幌＿＿＿＿　36.3　.　04　.　112.8　.　02(02)　2新潟
上武大学＿＿.　1佐野＿＿＿＿　36.5　.　03　.　111.7　.　03(04)　2越谷
立命館大学.　1東近江＿＿　35.1　.　13　.　111.4　.　04(03)　2福知山
東北大学＿＿.　1帯広＿＿＿＿　36.1　.　07　.　111.3　.　05(04)　2山形
福岡大学＿＿.　1久留米＿＿　36.6　.　02　.　111.2　.　06(06)　2福岡
関西大学＿＿.　1福崎＿＿＿＿　34.9　.　14　.　109.3　.　07(07)　2和田山
熊本学園大学.　1甲佐＿＿＿＿　36.2　.　06　.　108.8　.　08(11)　2岱明
名古屋大学.　1美濃加茂　35.3　.　11　.　108.6　.　09(09)　2美濃
鳥取大学＿＿.　1川本＿＿＿＿　35.2　.　12　.　108.6　.　09(08)　2鳥取
---------------------------------------------------　
山梨学院大学.　1長野＿＿＿＿　36.3　.　04　.　108.0　.　11(13)　2南信濃
日本大学＿＿.　1大子＿＿＿＿　35.8　.　09　.　107.6　.　12(12)　2古河
金沢大学＿＿.　1秋ヶ島＿＿　35.7　.　10　.　107.4　.　13(13)　2伏木
広島経済大学.　1三次＿＿＿＿　33.7　.　15　.　106.5　.　14(10)　2加計
四国大学＿＿.　1穴吹＿＿＿＿　36.1　.　07　.　105.3　.　15(16)　2近永
三重大学＿＿.　1粥見＿＿＿＿　33.4　.　16　.　104.0　.　16(15)　2五條
鹿児島大学.　1東市来＿＿　30.7　.　17　.　098.4　.　17(17)　2川内
琉球大学＿＿.　1北原＿＿＿＿　30.5　.　18　.　092.9　.　18(18)　2仲筋

--- [速報モード] 速報データを realtime_report.json に保存しました ---
realtime_report.json に変更を検出しました。GitHubにプッシュします。
[main a2382b8] Update realtime report [bot] 2025-07-25 12:55:04
 1 file changed, 22 insertions(+), 22 deletions(-)
リモートの変更を取り込んでいます (git pull --rebase)...
error: cannot pull with rebase: You have unstaged changes.
error: please commit or stash them.
--- 2025-07-25 13:05:00 ---
リアルタイム速報の更新を開始します...
generate_report.py を実行中...
速報を生成中... 全チームの気温データを取得しています。
  福島大学 のデータを取得中...
  学連選抜 のデータを取得中...
  立命館大学 のデータを取得中...
  上武大学 のデータを取得中...
  東北大学 のデータを取得中...
  福岡大学 のデータを取得中...
  関西大学 のデータを取得中...
  鳥取大学 のデータを取得中...
  名古屋大学 のデータを取得中...
  広島経済大学 のデータを取得中...
  熊本学園大学 のデータを取得中...
  日本大学 のデータを取得中...
  山梨学院大学 のデータを取得中...
  金沢大学 のデータを取得中...
  三重大学 のデータを取得中...
  四国大学 のデータを取得中...
  鹿児島大学 のデータを取得中...
  琉球大学 のデータを取得中...

--- 速報生成完了 ---
7月25日　3日目　 速報（13:05現在）

　 　 　 　 　 　 　　 　 　　本日　.　.　.　.　.総合
　大学名　.　.　走者　.　距離 . 順位　.　距離　. 　順位　. 次走者　.　被交代選手　
福島大学＿＿.　1梁川＿＿＿＿　38.2　.　01　.　116.2　.　01(01)　2石川
学連選抜＿＿.　1美幌＿＿＿＿　36.3　.　04　.　112.8　.　02(02)　2新潟
上武大学＿＿.　1佐野＿＿＿＿　36.5　.　03　.　111.7　.　03(04)　2越谷
立命館大学.　1東近江＿＿　35.1　.　13　.　111.4　.　04(03)　2福知山
東北大学＿＿.　1帯広＿＿＿＿　36.1　.　07　.　111.3　.　05(04)　2山形
福岡大学＿＿.　1久留米＿＿　36.6　.　02　.　111.2　.　06(06)　2福岡
関西大学＿＿.　1福崎＿＿＿＿　34.9　.　14　.　109.3　.　07(07)　2和田山
熊本学園大学.　1甲佐＿＿＿＿　36.2　.　06　.　108.8　.　08(11)　2岱明
名古屋大学.　1美濃加茂　35.3　.　11　.　108.6　.　09(09)　2美濃
鳥取大学＿＿.　1川本＿＿＿＿　35.2　.　12　.　108.6　.　09(08)　2鳥取
---------------------------------------------------　
山梨学院大学.　1長野＿＿＿＿　36.3　.　04　.　108.0　.　11(13)　2南信濃
金沢大学＿＿.　1秋ヶ島＿＿　36.0　.　09　.　107.7　.　12(13)　2伏木
日本大学＿＿.　1大子＿＿＿＿　35.8　.　10　.　107.6　.　13(12)　2古河
広島経済大学.　1三次＿＿＿＿　33.7　.　15　.　106.5　.　14(10)　2加計
四国大学＿＿.　1穴吹＿＿＿＿　36.1　.　07　.　105.3　.　15(16)　2近永
三重大学＿＿.　1粥見＿＿＿＿　33.5　.　16　.　104.1　.　16(15)　2五條
鹿児島大学.　1東市来＿＿　30.7　.　17　.　098.4　.　17(17)　2川内
琉球大学＿＿.　1北原＿＿＿＿　30.5　.　18　.　092.9　.　18(18)　2仲筋

--- [速報モード] 速報データを realtime_report.json に保存しました ---
realtime_report.json に変更を検出しました。GitHubにプッシュします。
[main b2bada8] Update realtime report [bot] 2025-07-25 13:05:04
 1 file changed, 17 insertions(+), 17 deletions(-)
--- 2025-07-25 13:15:01 ---
リアルタイム速報の更新を開始します...
generate_report.py を実行中...
速報を生成中... 全チームの気温データを取得しています。
  福島大学 のデータを取得中...
  学連選抜 のデータを取得中...
  立命館大学 のデータを取得中...
  上武大学 のデータを取得中...
  東北大学 のデータを取得中...
  福岡大学 のデータを取得中...
  関西大学 のデータを取得中...
  鳥取大学 のデータを取得中...
  名古屋大学 のデータを取得中...
  広島経済大学 のデータを取得中...
  熊本学園大学 のデータを取得中...
  日本大学 のデータを取得中...
  山梨学院大学 のデータを取得中...
  金沢大学 のデータを取得中...
  三重大学 のデータを取得中...
  四国大学 のデータを取得中...
  鹿児島大学 のデータを取得中...
  琉球大学 のデータを取得中...

--- 速報生成完了 ---
7月25日　3日目　 速報（13:15現在）

　 　 　 　 　 　 　　 　 　　本日　.　.　.　.　.総合
　大学名　.　.　走者　.　距離 . 順位　.　距離　. 　順位　. 次走者　.　被交代選手　
福島大学＿＿.　1梁川＿＿＿＿　38.8　.　01　.　116.8　.　01(01)　2石川
学連選抜＿＿.　1美幌＿＿＿＿　36.3　.　04　.　112.8　.　02(02)　2新潟
上武大学＿＿.　1佐野＿＿＿＿　36.5　.　03　.　111.7　.　03(04)　2越谷
立命館大学.　1東近江＿＿　35.1　.　13　.　111.4　.　04(03)　2福知山
東北大学＿＿.　1帯広＿＿＿＿　36.1　.　07　.　111.3　.　05(04)　2山形
福岡大学＿＿.　1久留米＿＿　36.6　.　02　.　111.2　.　06(06)　2福岡
関西大学＿＿.　1福崎＿＿＿＿　34.9　.　14　.　109.3　.　07(07)　2和田山
熊本学園大学.　1甲佐＿＿＿＿　36.2　.　06　.　108.8　.　08(11)　2岱明
名古屋大学.　1美濃加茂　35.3　.　11　.　108.6　.　09(09)　2美濃
鳥取大学＿＿.　1川本＿＿＿＿　35.2　.　12　.　108.6　.　09(08)　2鳥取
---------------------------------------------------　
山梨学院大学.　1長野＿＿＿＿　36.3　.　04　.　108.0　.　11(13)　2南信濃
金沢大学＿＿.　1秋ヶ島＿＿　36.0　.　09　.　107.7　.　12(13)　2伏木
日本大学＿＿.　1大子＿＿＿＿　35.8　.　10　.　107.6　.　13(12)　2古河
広島経済大学.　1三次＿＿＿＿　33.7　.　15　.　106.5　.　14(10)　2加計
四国大学＿＿.　1穴吹＿＿＿＿　36.1　.　07　.　105.3　.　15(16)　2近永
三重大学＿＿.　1粥見＿＿＿＿　33.5　.　16　.　104.1　.　16(15)　2五條
鹿児島大学.　1東市来＿＿　30.7　.　17　.　098.4　.　17(17)　2川内
琉球大学＿＿.　1北原＿＿＿＿　30.5　.　18　.　092.9　.　18(18)　2仲筋

--- [速報モード] 速報データを realtime_report.json に保存しました ---
realtime_report.json に変更を検出しました。GitHubにプッシュします。
[main 343072f] Update realtime report [bot] 2025-07-25 13:15:04
 1 file changed, 3 insertions(+), 3 deletions(-)
--- 2025-07-25 13:25:00 ---
リアルタイム速報の更新を開始します...
generate_report.py を実行中...
速報を生成中... 全チームの気温データを取得しています。
  福島大学 のデータを取得中...
  学連選抜 のデータを取得中...
  立命館大学 のデータを取得中...
  上武大学 のデータを取得中...
  東北大学 のデータを取得中...
  福岡大学 のデータを取得中...
  関西大学 のデータを取得中...
  鳥取大学 のデータを取得中...
  名古屋大学 のデータを取得中...
  広島経済大学 のデータを取得中...
  熊本学園大学 のデータを取得中...
  日本大学 のデータを取得中...
  山梨学院大学 のデータを取得中...
  金沢大学 のデータを取得中...
  三重大学 のデータを取得中...
  四国大学 のデータを取得中...
  鹿児島大学 のデータを取得中...
  琉球大学 のデータを取得中...

--- 速報生成完了 ---
7月25日　3日目　 速報（13:25現在）

　 　 　 　 　 　 　　 　 　　本日　.　.　.　.　.総合
　大学名　.　.　走者　.　距離 . 順位　.　距離　. 　順位　. 次走者　.　被交代選手　
福島大学＿＿.　1梁川＿＿＿＿　38.8　.　01　.　116.8　.　01(01)　2石川
学連選抜＿＿.　1美幌＿＿＿＿　36.3　.　04　.　112.8　.　02(02)　2新潟
上武大学＿＿.　1佐野＿＿＿＿　37.2　.　02　.　112.4　.　03(04)　2越谷
立命館大学.　1東近江＿＿　35.1　.　13　.　111.4　.　04(03)　2福知山
東北大学＿＿.　1帯広＿＿＿＿　36.1　.　08　.　111.3　.　05(04)　2山形
福岡大学＿＿.　1久留米＿＿　36.6　.　03　.　111.2　.　06(06)　2福岡
関西大学＿＿.　1福崎＿＿＿＿　34.9　.　14　.　109.3　.　07(07)　2和田山
熊本学園大学.　1甲佐＿＿＿＿　36.2　.　06　.　108.8　.　08(11)　2岱明
名古屋大学.　1美濃加茂　35.3　.　11　.　108.6　.　09(09)　2美濃
鳥取大学＿＿.　1川本＿＿＿＿　35.2　.　12　.　108.6　.　09(08)　2鳥取
---------------------------------------------------　
山梨学院大学.　1長野＿＿＿＿　36.3　.　04　.　108.0　.　11(13)　2南信濃
金沢大学＿＿.　1秋ヶ島＿＿　36.2　.　06　.　107.9　.　12(13)　2伏木
日本大学＿＿.　1大子＿＿＿＿　35.8　.　10　.　107.6　.　13(12)　2古河
広島経済大学.　1三次＿＿＿＿　33.7　.　15　.　106.5　.　14(10)　2加計
四国大学＿＿.　1穴吹＿＿＿＿　36.1　.　08　.　105.3　.　15(16)　2近永
三重大学＿＿.　1粥見＿＿＿＿　33.5　.　16　.　104.1　.　16(15)　2五條
鹿児島大学.　1東市来＿＿　30.7　.　17　.　098.4　.　17(17)　2川内
琉球大学＿＿.　1北原＿＿＿＿　30.5　.　18　.　092.9　.　18(18)　2仲筋

--- [速報モード] 速報データを realtime_report.json に保存しました ---
realtime_report.json に変更を検出しました。GitHubにプッシュします。
[main 4238ab5] Update realtime report [bot] 2025-07-25 13:25:05
 1 file changed, 10 insertions(+), 10 deletions(-)
--- 2025-07-25 13:35:00 ---
リアルタイム速報の更新を開始します...
generate_report.py を実行中...
速報を生成中... 全チームの気温データを取得しています。
  福島大学 のデータを取得中...
  学連選抜 のデータを取得中...
  立命館大学 のデータを取得中...
  上武大学 のデータを取得中...
  東北大学 のデータを取得中...
  福岡大学 のデータを取得中...
  関西大学 のデータを取得中...
  鳥取大学 のデータを取得中...
  名古屋大学 のデータを取得中...
  広島経済大学 のデータを取得中...
  熊本学園大学 のデータを取得中...
  日本大学 のデータを取得中...
  山梨学院大学 のデータを取得中...
  金沢大学 のデータを取得中...
  三重大学 のデータを取得中...
  四国大学 のデータを取得中...
  鹿児島大学 のデータを取得中...
  琉球大学 のデータを取得中...

--- 速報生成完了 ---
7月25日　3日目　 速報（13:35現在）

　 　 　 　 　 　 　　 　 　　本日　.　.　.　.　.総合
　大学名　.　.　走者　.　距離 . 順位　.　距離　. 　順位　. 次走者　.　被交代選手　
福島大学＿＿.　1梁川＿＿＿＿　38.8　.　01　.　116.8　.　01(01)　2石川
学連選抜＿＿.　1美幌＿＿＿＿　36.3　.　04　.　112.8　.　02(02)　2新潟
上武大学＿＿.　1佐野＿＿＿＿　37.2　.　02　.　112.4　.　03(04)　2越谷
立命館大学.　1東近江＿＿　35.2　.　13　.　111.5　.　04(03)　2福知山
東北大学＿＿.　1帯広＿＿＿＿　36.1　.　08　.　111.3　.　05(04)　2山形
福岡大学＿＿.　1久留米＿＿　36.6　.　03　.　111.2　.　06(06)　2福岡
関西大学＿＿.　1福崎＿＿＿＿　35.8　.　10　.　110.2　.　07(07)　2和田山
熊本学園大学.　1甲佐＿＿＿＿　36.2　.　06　.　108.8　.　08(11)　2岱明
名古屋大学.　1美濃加茂　35.3　.　12　.　108.6　.　09(09)　2美濃
鳥取大学＿＿.　1川本＿＿＿＿　35.2　.　13　.　108.6　.　09(08)　2鳥取
---------------------------------------------------　
山梨学院大学.　1長野＿＿＿＿　36.3　.　04　.　108.0　.　11(13)　2南信濃
金沢大学＿＿.　1秋ヶ島＿＿　36.2　.　06　.　107.9　.　12(13)　2伏木
日本大学＿＿.　1大子＿＿＿＿　35.8　.　10　.　107.6　.　13(12)　2古河
広島経済大学.　1三次＿＿＿＿　33.7　.　15　.　106.5　.　14(10)　2加計
四国大学＿＿.　1穴吹＿＿＿＿　36.1　.　08　.　105.3　.　15(16)　2近永
三重大学＿＿.　1粥見＿＿＿＿　33.5　.　16　.　104.1　.　16(15)　2五條
鹿児島大学.　1東市来＿＿　30.7　.　17　.　098.4　.　17(17)　2川内
琉球大学＿＿.　1北原＿＿＿＿　30.6　.　18　.　093.0　.　18(18)　2仲筋

--- [速報モード] 速報データを realtime_report.json に保存しました ---
realtime_report.json に変更を検出しました。GitHubにプッシュします。
[main b4af0fd] Update realtime report [bot] 2025-07-25 13:35:05
 1 file changed, 10 insertions(+), 10 deletions(-)
--- 2025-07-25 13:45:00 ---
リアルタイム速報の更新を開始します...
generate_report.py を実行中...
速報を生成中... 全チームの気温データを取得しています。
  福島大学 のデータを取得中...
  学連選抜 のデータを取得中...
  立命館大学 のデータを取得中...
  上武大学 のデータを取得中...
  東北大学 のデータを取得中...
  福岡大学 のデータを取得中...
  関西大学 のデータを取得中...
  鳥取大学 のデータを取得中...
  名古屋大学 のデータを取得中...
  広島経済大学 のデータを取得中...
  熊本学園大学 のデータを取得中...
  日本大学 のデータを取得中...
  山梨学院大学 のデータを取得中...
  金沢大学 のデータを取得中...
  三重大学 のデータを取得中...
  四国大学 のデータを取得中...
  鹿児島大学 のデータを取得中...
  琉球大学 のデータを取得中...

--- 速報生成完了 ---
7月25日　3日目　 速報（13:45現在）

　 　 　 　 　 　 　　 　 　　本日　.　.　.　.　.総合
　大学名　.　.　走者　.　距離 . 順位　.　距離　. 　順位　. 次走者　.　被交代選手　
福島大学＿＿.　1梁川＿＿＿＿　38.9　.　01　.　116.9　.　01(01)　2石川
学連選抜＿＿.　1美幌＿＿＿＿　36.3　.　05　.　112.8　.　02(02)　2新潟
上武大学＿＿.　1佐野＿＿＿＿　37.2　.　03　.　112.4　.　03(04)　2越谷
福岡大学＿＿.　1久留米＿＿　37.7　.　02　.　112.3　.　04(06)　2福岡
立命館大学.　1東近江＿＿　35.5　.　12　.　111.8　.　05(03)　2福知山
東北大学＿＿.　1帯広＿＿＿＿　36.1　.　08　.　111.3　.　06(04)　2山形
関西大学＿＿.　1福崎＿＿＿＿　35.8　.　11　.　110.2　.　07(07)　2和田山
熊本学園大学.　1甲佐＿＿＿＿　36.2　.　06　.　108.8　.　08(11)　2岱明
名古屋大学.　1美濃加茂　35.5　.　12　.　108.8　.　08(09)　2美濃
鳥取大学＿＿.　1川本＿＿＿＿　35.2　.　14　.　108.6　.　10(08)　2鳥取
---------------------------------------------------　
山梨学院大学.　1長野＿＿＿＿　36.8　.　04　.　108.5　.　11(13)　2南信濃
金沢大学＿＿.　1秋ヶ島＿＿　36.2　.　06　.　107.9　.　12(13)　2伏木
日本大学＿＿.　1大子＿＿＿＿　36.0　.　10　.　107.8　.　13(12)　2古河
広島経済大学.　1三次＿＿＿＿　33.7　.　16　.　106.5　.　14(10)　2加計
四国大学＿＿.　1穴吹＿＿＿＿　36.1　.　08　.　105.3　.　15(16)　2近永
三重大学＿＿.　1粥見＿＿＿＿　33.8　.　15　.　104.4　.　16(15)　2五條
鹿児島大学.　1東市来＿＿　30.7　.　17　.　098.4　.　17(17)　2川内
琉球大学＿＿.　1北原＿＿＿＿　30.6　.　18　.　093.0　.　18(18)　2仲筋

--- [速報モード] 速報データを realtime_report.json に保存しました ---
realtime_report.json に変更を検出しました。GitHubにプッシュします。
[main f688a5e] Update realtime report [bot] 2025-07-25 13:45:03
 1 file changed, 36 insertions(+), 36 deletions(-)
--- 2025-07-25 13:55:00 ---
リアルタイム速報の更新を開始します...
generate_report.py を実行中...
速報を生成中... 全チームの気温データを取得しています。
  福島大学 のデータを取得中...
  学連選抜 のデータを取得中...
  立命館大学 のデータを取得中...
  上武大学 のデータを取得中...
  東北大学 のデータを取得中...
  福岡大学 のデータを取得中...
  関西大学 のデータを取得中...
  鳥取大学 のデータを取得中...
  名古屋大学 のデータを取得中...
  広島経済大学 のデータを取得中...
  熊本学園大学 のデータを取得中...
  日本大学 のデータを取得中...
  山梨学院大学 のデータを取得中...
  金沢大学 のデータを取得中...
  三重大学 のデータを取得中...
  四国大学 のデータを取得中...
  鹿児島大学 のデータを取得中...
  琉球大学 のデータを取得中...

--- 速報生成完了 ---
7月25日　3日目　 速報（13:55現在）

　 　 　 　 　 　 　　 　 　　本日　.　.　.　.　.総合
　大学名　.　.　走者　.　距離 . 順位　.　距離　. 　順位　. 次走者　.　被交代選手　
福島大学＿＿.　1梁川＿＿＿＿　38.9　.　01　.　116.9　.　01(01)　2石川
学連選抜＿＿.　1美幌＿＿＿＿　36.3　.　05　.　112.8　.　02(02)　2新潟
上武大学＿＿.　1佐野＿＿＿＿　37.2　.　03　.　112.4　.　03(04)　2越谷
福岡大学＿＿.　1久留米＿＿　37.7　.　02　.　112.3　.　04(06)　2福岡
立命館大学.　1東近江＿＿　35.5　.　14　.　111.8　.　05(03)　2福知山
東北大学＿＿.　1帯広＿＿＿＿　36.1　.　08　.　111.3　.　06(04)　2山形
関西大学＿＿.　1福崎＿＿＿＿　35.8　.　11　.　110.2　.　07(07)　2和田山
鳥取大学＿＿.　1川本＿＿＿＿　35.8　.　11　.　109.2　.　08(08)　2鳥取
名古屋大学.　1美濃加茂　35.7　.　13　.　109.0　.　09(09)　2美濃
熊本学園大学.　1甲佐＿＿＿＿　36.2　.　06　.　108.8　.　10(11)　2岱明
---------------------------------------------------　
山梨学院大学.　1長野＿＿＿＿　36.8　.　04　.　108.5　.　11(13)　2南信濃
金沢大学＿＿.　1秋ヶ島＿＿　36.2　.　06　.　107.9　.　12(13)　2伏木
日本大学＿＿.　1大子＿＿＿＿　36.0　.　10　.　107.8　.　13(12)　2古河
広島経済大学.　1三次＿＿＿＿　33.7　.　16　.　106.5　.　14(10)　2加計
四国大学＿＿.　1穴吹＿＿＿＿　36.1　.　08　.　105.3　.　15(16)　2近永
三重大学＿＿.　1粥見＿＿＿＿　33.8　.　15　.　104.4　.　16(15)　2五條
鹿児島大学.　1東市来＿＿　30.7　.　17　.　098.4　.　17(17)　2川内
琉球大学＿＿.　1北原＿＿＿＿　30.6　.　18　.　093.0　.　18(18)　2仲筋

--- [速報モード] 速報データを realtime_report.json に保存しました ---
realtime_report.json に変更を検出しました。GitHubにプッシュします。
[main 5e0fda9] Update realtime report [bot] 2025-07-25 13:55:04
 1 file changed, 22 insertions(+), 22 deletions(-)
--- 2025-07-25 14:35:00 ---
リアルタイム速報の更新を開始します...
generate_report.py を実行中...
速報を生成中... 全チームの気温データを取得しています。
  福島大学 のデータを取得中...
  学連選抜 のデータを取得中...
  立命館大学 のデータを取得中...
  上武大学 のデータを取得中...
  東北大学 のデータを取得中...
  福岡大学 のデータを取得中...
  関西大学 のデータを取得中...
  鳥取大学 のデータを取得中...
  名古屋大学 のデータを取得中...
  広島経済大学 のデータを取得中...
  熊本学園大学 のデータを取得中...
  日本大学 のデータを取得中...
  山梨学院大学 のデータを取得中...
  金沢大学 のデータを取得中...
  三重大学 のデータを取得中...
  四国大学 のデータを取得中...
  鹿児島大学 のデータを取得中...
  琉球大学 のデータを取得中...

--- 速報生成完了 ---
7月25日　3日目　 速報（14:35現在）

　 　 　 　 　 　 　　 　 　　本日　.　.　.　.　.総合
　大学名　.　.　走者　.　距離 . 順位　.　距離　. 　順位　. 次走者　.　被交代選手　
福島大学＿＿.　1梁川＿＿＿＿　38.9　.　01　.　116.9　.　01(01)　2石川
学連選抜＿＿.　1美幌＿＿＿＿　36.3　.　07　.　112.8　.　02(02)　2新潟
上武大学＿＿.　1佐野＿＿＿＿　37.3　.　03　.　112.5　.　03(04)　2越谷
福岡大学＿＿.　1久留米＿＿　37.7　.　02　.　112.3　.　04(06)　2福岡
立命館大学.　1東近江＿＿　35.8　.　13　.　112.1　.　05(03)　2福知山
東北大学＿＿.　1帯広＿＿＿＿　36.1　.　10　.　111.3　.　06(04)　2山形
関西大学＿＿.　1福崎＿＿＿＿　36.4　.　06　.　110.8　.　07(07)　2和田山
鳥取大学＿＿.　1川本＿＿＿＿　36.7　.　05　.　110.1　.　08(08)　2鳥取
名古屋大学.　1美濃加茂　35.7　.　14　.　109.0　.　09(09)　2美濃
熊本学園大学.　1甲佐＿＿＿＿　36.2　.　08　.　108.8　.　10(11)　2岱明
---------------------------------------------------　
山梨学院大学.　1長野＿＿＿＿　36.8　.　04　.　108.5　.　11(13)　2南信濃
金沢大学＿＿.　1秋ヶ島＿＿　36.2　.　08　.　107.9　.　12(13)　2伏木
日本大学＿＿.　1大子＿＿＿＿　36.0　.　12　.　107.8　.　13(12)　2古河
広島経済大学.　1三次＿＿＿＿　34.8　.　15　.　107.6　.　14(10)　2加計
四国大学＿＿.　1穴吹＿＿＿＿　36.1　.　10　.　105.3　.　15(16)　2近永
三重大学＿＿.　1粥見＿＿＿＿　33.8　.　16　.　104.4　.　16(15)　2五條
鹿児島大学.　1東市来＿＿　30.7　.　18　.　098.4　.　17(17)　2川内
琉球大学＿＿.　1北原＿＿＿＿　31.4　.　17　.　093.8　.　18(18)　2仲筋

--- [速報モード] 速報データを realtime_report.json に保存しました ---
realtime_report.json に変更を検出しました。GitHubにプッシュします。
[main 3f37d9d] Update realtime report [bot] 2025-07-25 14:35:05
 1 file changed, 5 insertions(+), 5 deletions(-)
--- 2025-07-25 14:45:00 ---
リアルタイム速報の更新を開始します...
generate_report.py を実行中...
速報を生成中... 全チームの気温データを取得しています。
  福島大学 のデータを取得中...
  学連選抜 のデータを取得中...
  立命館大学 のデータを取得中...
  上武大学 のデータを取得中...
  東北大学 のデータを取得中...
  福岡大学 のデータを取得中...
  関西大学 のデータを取得中...
  鳥取大学 のデータを取得中...
  名古屋大学 のデータを取得中...
  広島経済大学 のデータを取得中...
  熊本学園大学 のデータを取得中...
  日本大学 のデータを取得中...
  山梨学院大学 のデータを取得中...
  金沢大学 のデータを取得中...
  三重大学 のデータを取得中...
  四国大学 のデータを取得中...
  鹿児島大学 のデータを取得中...
  琉球大学 のデータを取得中...

--- 速報生成完了 ---
7月25日　3日目　 速報（14:45現在）

　 　 　 　 　 　 　　 　 　　本日　.　.　.　.　.総合
　大学名　.　.　走者　.　距離 . 順位　.　距離　. 　順位　. 次走者　.　被交代選手　
福島大学＿＿.　1梁川＿＿＿＿　38.9　.　01　.　116.9　.　01(01)　2石川
学連選抜＿＿.　1美幌＿＿＿＿　36.3　.　07　.　112.8　.　02(02)　2新潟
上武大学＿＿.　1佐野＿＿＿＿　37.3　.　03　.　112.5　.　03(04)　2越谷
福岡大学＿＿.　1久留米＿＿　37.7　.　02　.　112.3　.　04(06)　2福岡
立命館大学.　1東近江＿＿　35.8　.　13　.　112.1　.　05(03)　2福知山
東北大学＿＿.　1帯広＿＿＿＿　36.1　.　10　.　111.3　.　06(04)　2山形
関西大学＿＿.　1福崎＿＿＿＿　36.5　.　06　.　110.9　.　07(07)　2和田山
鳥取大学＿＿.　1川本＿＿＿＿　36.7　.　05　.　110.1　.　08(08)　2鳥取
名古屋大学.　1美濃加茂　35.7　.　14　.　109.0　.　09(09)　2美濃
熊本学園大学.　1甲佐＿＿＿＿　36.2　.　08　.　108.8　.　10(11)　2岱明
---------------------------------------------------　
山梨学院大学.　1長野＿＿＿＿　36.8　.　04　.　108.5　.　11(13)　2南信濃
金沢大学＿＿.　1秋ヶ島＿＿　36.2　.　08　.　107.9　.　12(13)　2伏木
日本大学＿＿.　1大子＿＿＿＿　36.0　.　12　.　107.8　.　13(12)　2古河
広島経済大学.　1三次＿＿＿＿　34.8　.　15　.　107.6　.　14(10)　2加計
四国大学＿＿.　1穴吹＿＿＿＿　36.1　.　10　.　105.3　.　15(16)　2近永
三重大学＿＿.　1粥見＿＿＿＿　33.8　.　16　.　104.4　.　16(15)　2五條
鹿児島大学.　1東市来＿＿　30.7　.　18　.　098.4　.　17(17)　2川内
琉球大学＿＿.　1北原＿＿＿＿　31.4　.　17　.　093.8　.　18(18)　2仲筋

--- [速報モード] 速報データを realtime_report.json に保存しました ---
realtime_report.json に変更を検出しました。GitHubにプッシュします。
[main abf5647] Update realtime report [bot] 2025-07-25 14:45:04
 1 file changed, 3 insertions(+), 3 deletions(-)
--- 2025-07-25 14:55:00 ---
リアルタイム速報の更新を開始します...
generate_report.py を実行中...
速報を生成中... 全チームの気温データを取得しています。
  福島大学 のデータを取得中...
  学連選抜 のデータを取得中...
  立命館大学 のデータを取得中...
  上武大学 のデータを取得中...
  東北大学 のデータを取得中...
  福岡大学 のデータを取得中...
  関西大学 のデータを取得中...
  鳥取大学 のデータを取得中...
  名古屋大学 のデータを取得中...
  広島経済大学 のデータを取得中...
  熊本学園大学 のデータを取得中...
  日本大学 のデータを取得中...
  山梨学院大学 のデータを取得中...
  金沢大学 のデータを取得中...
  三重大学 のデータを取得中...
  四国大学 のデータを取得中...
  鹿児島大学 のデータを取得中...
  琉球大学 のデータを取得中...

--- 速報生成完了 ---
7月25日　3日目　 速報（14:55現在）

　 　 　 　 　 　 　　 　 　　本日　.　.　.　.　.総合
　大学名　.　.　走者　.　距離 . 順位　.　距離　. 　順位　. 次走者　.　被交代選手　
福島大学＿＿.　1梁川＿＿＿＿　38.9　.　01　.　116.9　.　01(01)　2石川
学連選抜＿＿.　1美幌＿＿＿＿　36.3　.　07　.　112.8　.　02(02)　2新潟
上武大学＿＿.　1佐野＿＿＿＿　37.3　.　03　.　112.5　.　03(04)　2越谷
福岡大学＿＿.　1久留米＿＿　37.7　.　02　.　112.3　.　04(06)　2福岡
立命館大学.　1東近江＿＿　36.0　.　12　.　112.3　.　04(03)　2福知山
東北大学＿＿.　1帯広＿＿＿＿　36.1　.　10　.　111.3　.　06(04)　2山形
関西大学＿＿.　1福崎＿＿＿＿　36.5　.　06　.　110.9　.　07(07)　2和田山
鳥取大学＿＿.　1川本＿＿＿＿　36.7　.　05　.　110.1　.　08(08)　2鳥取
名古屋大学.　1美濃加茂　35.7　.　14　.　109.0　.　09(09)　2美濃
熊本学園大学.　1甲佐＿＿＿＿　36.2　.　08　.　108.8　.　10(11)　2岱明
---------------------------------------------------　
山梨学院大学.　1長野＿＿＿＿　36.8　.　04　.　108.5　.　11(13)　2南信濃
金沢大学＿＿.　1秋ヶ島＿＿　36.2　.　08　.　107.9　.　12(13)　2伏木
日本大学＿＿.　1大子＿＿＿＿　36.0　.　12　.　107.8　.　13(12)　2古河
広島経済大学.　1三次＿＿＿＿　34.8　.　15　.　107.6　.　14(10)　2加計
四国大学＿＿.　1穴吹＿＿＿＿　36.1　.　10　.　105.3　.　15(16)　2近永
三重大学＿＿.　1粥見＿＿＿＿　33.8　.　16　.　104.4　.　16(15)　2五條
鹿児島大学.　1東市来＿＿　30.7　.　18　.　098.4　.　17(17)　2川内
琉球大学＿＿.　1北原＿＿＿＿　31.4　.　17　.　093.8　.　18(18)　2仲筋

--- [速報モード] 速報データを realtime_report.json に保存しました ---
realtime_report.json に変更を検出しました。GitHubにプッシュします。
[main 662a916] Update realtime report [bot] 2025-07-25 14:55:04
 1 file changed, 5 insertions(+), 5 deletions(-)
--- 2025-07-25 15:05:00 ---
リアルタイム速報の更新を開始します...
generate_report.py を実行中...
速報を生成中... 全チームの気温データを取得しています。
  福島大学 のデータを取得中...
  学連選抜 のデータを取得中...
  立命館大学 のデータを取得中...
  上武大学 のデータを取得中...
  東北大学 のデータを取得中...
  福岡大学 のデータを取得中...
  関西大学 のデータを取得中...
  鳥取大学 のデータを取得中...
  名古屋大学 のデータを取得中...
  広島経済大学 のデータを取得中...
  熊本学園大学 のデータを取得中...
  日本大学 のデータを取得中...
  山梨学院大学 のデータを取得中...
  金沢大学 のデータを取得中...
  三重大学 のデータを取得中...
  四国大学 のデータを取得中...
  鹿児島大学 のデータを取得中...
  琉球大学 のデータを取得中...

--- 速報生成完了 ---
7月25日　3日目　 速報（15:05現在）

　 　 　 　 　 　 　　 　 　　本日　.　.　.　.　.総合
　大学名　.　.　走者　.　距離 . 順位　.　距離　. 　順位　. 次走者　.　被交代選手　
福島大学＿＿.　1梁川＿＿＿＿　38.9　.　01　.　116.9　.　01(01)　2石川
学連選抜＿＿.　1美幌＿＿＿＿　36.3　.　07　.　112.8　.　02(02)　2新潟
上武大学＿＿.　1佐野＿＿＿＿　37.3　.　03　.　112.5　.　03(04)　2越谷
福岡大学＿＿.　1久留米＿＿　37.7　.　02　.　112.3　.　04(06)　2福岡
立命館大学.　1東近江＿＿　36.0　.　12　.　112.3　.　04(03)　2福知山
東北大学＿＿.　1帯広＿＿＿＿　36.1　.　10　.　111.3　.　06(04)　2山形
関西大学＿＿.　1福崎＿＿＿＿　36.5　.　06　.　110.9　.　07(07)　2和田山
鳥取大学＿＿.　1川本＿＿＿＿　36.7　.　05　.　110.1　.　08(08)　2鳥取
名古屋大学.　1美濃加茂　35.7　.　14　.　109.0　.　09(09)　2美濃
熊本学園大学.　1甲佐＿＿＿＿　36.2　.　09　.　108.8　.　10(11)　2岱明
---------------------------------------------------　
山梨学院大学.　1長野＿＿＿＿　36.8　.　04　.　108.5　.　11(13)　2南信濃
金沢大学＿＿.　1秋ヶ島＿＿　36.3　.　07　.　108.0　.　12(13)　2伏木
日本大学＿＿.　1大子＿＿＿＿　36.0　.　12　.　107.8　.　13(12)　2古河
広島経済大学.　1三次＿＿＿＿　34.8　.　15　.　107.6　.　14(10)　2加計
四国大学＿＿.　1穴吹＿＿＿＿　36.1　.　10　.　105.3　.　15(16)　2近永
三重大学＿＿.　1粥見＿＿＿＿　33.8　.　16　.　104.4　.　16(15)　2五條
鹿児島大学.　1東市来＿＿　30.7　.　18　.　098.4　.　17(17)　2川内
琉球大学＿＿.　1北原＿＿＿＿　31.4　.　17　.　093.8　.　18(18)　2仲筋

--- [速報モード] 速報データを realtime_report.json に保存しました ---
realtime_report.json に変更を検出しました。GitHubにプッシュします。
[main 8bdf637] Update realtime report [bot] 2025-07-25 15:05:04
 1 file changed, 5 insertions(+), 5 deletions(-)
--- 2025-07-25 15:15:01 ---
リアルタイム速報の更新を開始します...
generate_report.py を実行中...
速報を生成中... 全チームの気温データを取得しています。
  福島大学 のデータを取得中...
  学連選抜 のデータを取得中...
  立命館大学 のデータを取得中...
  上武大学 のデータを取得中...
  東北大学 のデータを取得中...
  福岡大学 のデータを取得中...
  関西大学 のデータを取得中...
  鳥取大学 のデータを取得中...
  名古屋大学 のデータを取得中...
  広島経済大学 のデータを取得中...
  熊本学園大学 のデータを取得中...
  日本大学 のデータを取得中...
  山梨学院大学 のデータを取得中...
  金沢大学 のデータを取得中...
  三重大学 のデータを取得中...
  四国大学 のデータを取得中...
  鹿児島大学 のデータを取得中...
  琉球大学 のデータを取得中...

--- 速報生成完了 ---
7月25日　3日目　 速報（15:15現在）

　 　 　 　 　 　 　　 　 　　本日　.　.　.　.　.総合
　大学名　.　.　走者　.　距離 . 順位　.　距離　. 　順位　. 次走者　.　被交代選手　
福島大学＿＿.　1梁川＿＿＿＿　38.9　.　01　.　116.9　.　01(01)　2石川
学連選抜＿＿.　1美幌＿＿＿＿　36.3　.　07　.　112.8　.　02(02)　2新潟
上武大学＿＿.　1佐野＿＿＿＿　37.3　.　03　.　112.5　.　03(04)　2越谷
福岡大学＿＿.　1久留米＿＿　37.7　.　02　.　112.3　.　04(06)　2福岡
立命館大学.　1東近江＿＿　36.0　.　12　.　112.3　.　04(03)　2福知山
東北大学＿＿.　1帯広＿＿＿＿　36.1　.　10　.　111.3　.　06(04)　2山形
関西大学＿＿.　1福崎＿＿＿＿　36.5　.　06　.　110.9　.　07(07)　2和田山
鳥取大学＿＿.　1川本＿＿＿＿　36.7　.　05　.　110.1　.　08(08)　2鳥取
名古屋大学.　1美濃加茂　35.7　.　14　.　109.0　.　09(09)　2美濃
熊本学園大学.　1甲佐＿＿＿＿　36.2　.　09　.　108.8　.　10(11)　2岱明
---------------------------------------------------　
山梨学院大学.　1長野＿＿＿＿　36.8　.　04　.　108.5　.　11(13)　2南信濃
金沢大学＿＿.　1秋ヶ島＿＿　36.3　.　07　.　108.0　.　12(13)　2伏木
日本大学＿＿.　1大子＿＿＿＿　36.0　.　12　.　107.8　.　13(12)　2古河
広島経済大学.　1三次＿＿＿＿　34.8　.　15　.　107.6　.　14(10)　2加計
四国大学＿＿.　1穴吹＿＿＿＿　36.1　.　10　.　105.3　.　15(16)　2近永
三重大学＿＿.　1粥見＿＿＿＿　33.8　.　16　.　104.4　.　16(15)　2五條
鹿児島大学.　1東市来＿＿　30.7　.　18　.　098.4　.　17(17)　2川内
琉球大学＿＿.　1北原＿＿＿＿　31.4　.　17　.　093.8　.　18(18)　2仲筋

--- [速報モード] 速報データを realtime_report.json に保存しました ---
速報ファイル (realtime_report.json, individual_results.json) に変更を検出しました。GitHubにプッシュします。
[main 8d33ef4] Update realtime report [bot] 2025-07-25 15:15:04
 2 files changed, 723 insertions(+), 1 deletion(-)
 create mode 100644 individual_results.json
--- 2025-07-25 15:25:00 ---
リアルタイム速報の更新を開始します...
generate_report.py を実行中...
速報を生成中... 全チームの気温データを取得しています。
  福島大学 のデータを取得中...
  学連選抜 のデータを取得中...
  立命館大学 のデータを取得中...
  上武大学 のデータを取得中...
  東北大学 のデータを取得中...
  福岡大学 のデータを取得中...
  関西大学 のデータを取得中...
  鳥取大学 のデータを取得中...
  名古屋大学 のデータを取得中...
  広島経済大学 のデータを取得中...
  熊本学園大学 のデータを取得中...
  日本大学 のデータを取得中...
  山梨学院大学 のデータを取得中...
  金沢大学 のデータを取得中...
  三重大学 のデータを取得中...
  四国大学 のデータを取得中...
  鹿児島大学 のデータを取得中...
  琉球大学 のデータを取得中...

--- 速報生成完了 ---
7月25日　3日目　 速報（15:25現在）

　 　 　 　 　 　 　　 　 　　本日　.　.　.　.　.総合
　大学名　.　.　走者　.　距離 . 順位　.　距離　. 　順位　. 次走者　.　被交代選手　
福島大学＿＿.　1梁川＿＿＿＿　38.9　.　01　.　116.9　.　01(01)　2石川
学連選抜＿＿.　1美幌＿＿＿＿　36.3　.　07　.　112.8　.　02(02)　2新潟
上武大学＿＿.　1佐野＿＿＿＿　37.3　.　03　.　112.5　.　03(04)　2越谷
福岡大学＿＿.　1久留米＿＿　37.7　.　02　.　112.3　.　04(06)　2福岡
立命館大学.　1東近江＿＿　36.0　.　12　.　112.3　.　04(03)　2福知山
東北大学＿＿.　1帯広＿＿＿＿　36.1　.　10　.　111.3　.　06(04)　2山形
関西大学＿＿.　1福崎＿＿＿＿　36.5　.　06　.　110.9　.　07(07)　2和田山
鳥取大学＿＿.　1川本＿＿＿＿　36.7　.　05　.　110.1　.　08(08)　2鳥取
名古屋大学.　1美濃加茂　35.7　.　14　.　109.0　.　09(09)　2美濃
熊本学園大学.　1甲佐＿＿＿＿　36.2　.　09　.　108.8　.　10(11)　2岱明
---------------------------------------------------　
山梨学院大学.　1長野＿＿＿＿　36.8　.　04　.　108.5　.　11(13)　2南信濃
金沢大学＿＿.　1秋ヶ島＿＿　36.3　.　07　.　108.0　.　12(13)　2伏木
広島経済大学.　1三次＿＿＿＿　35.1　.　15　.　107.9　.　13(10)　2加計
日本大学＿＿.　1大子＿＿＿＿　36.0　.　12　.　107.8　.　14(12)　2古河
四国大学＿＿.　1穴吹＿＿＿＿　36.1　.　10　.　105.3　.　15(16)　2近永
三重大学＿＿.　1粥見＿＿＿＿　33.8　.　16　.　104.4　.　16(15)　2五條
鹿児島大学.　1東市来＿＿　30.7　.　18　.　098.4　.　17(17)　2川内
琉球大学＿＿.　1北原＿＿＿＿　31.4　.　17　.　093.8　.　18(18)　2仲筋

--- [速報モード] 速報データを realtime_report.json に保存しました ---
速報ファイル (realtime_report.json, individual_results.json) に変更を検出しました。GitHubにプッシュします。
[main 906c26c] Update realtime report [bot] 2025-07-25 15:25:04
 2 files changed, 32 insertions(+), 32 deletions(-)
--- 2025-07-25 15:35:01 ---
リアルタイム速報の更新を開始します...
generate_report.py を実行中...
速報を生成中... 全チームの気温データを取得しています。
  福島大学 のデータを取得中...
  学連選抜 のデータを取得中...
  立命館大学 のデータを取得中...
  上武大学 のデータを取得中...
  東北大学 のデータを取得中...
  福岡大学 のデータを取得中...
  関西大学 のデータを取得中...
  鳥取大学 のデータを取得中...
  名古屋大学 のデータを取得中...
  広島経済大学 のデータを取得中...
  熊本学園大学 のデータを取得中...
  日本大学 のデータを取得中...
  山梨学院大学 のデータを取得中...
  金沢大学 のデータを取得中...
  三重大学 のデータを取得中...
  四国大学 のデータを取得中...
  鹿児島大学 のデータを取得中...
  琉球大学 のデータを取得中...

--- 速報生成完了 ---
7月25日　3日目　 速報（15:35現在）

　 　 　 　 　 　 　　 　 　　本日　.　.　.　.　.総合
　大学名　.　.　走者　.　距離 . 順位　.　距離　. 　順位　. 次走者　.　被交代選手　
福島大学＿＿.　1梁川＿＿＿＿　38.9　.　01　.　116.9　.　01(01)　2石川
学連選抜＿＿.　1美幌＿＿＿＿　36.3　.　07　.　112.8　.　02(02)　2新潟
上武大学＿＿.　1佐野＿＿＿＿　37.3　.　03　.　112.5　.　03(04)　2越谷
福岡大学＿＿.　1久留米＿＿　37.7　.　02　.　112.3　.　04(06)　2福岡
立命館大学.　1東近江＿＿　36.0　.　12　.　112.3　.　04(03)　2福知山
東北大学＿＿.　1帯広＿＿＿＿　36.1　.　10　.　111.3　.　06(04)　2山形
関西大学＿＿.　1福崎＿＿＿＿　36.5　.　06　.　110.9　.　07(07)　2和田山
鳥取大学＿＿.　1川本＿＿＿＿　36.7　.　05　.　110.1　.　08(08)　2鳥取
名古屋大学.　1美濃加茂　35.7　.　14　.　109.0　.　09(09)　2美濃
熊本学園大学.　1甲佐＿＿＿＿　36.2　.　09　.　108.8　.　10(11)　2岱明
---------------------------------------------------　
山梨学院大学.　1長野＿＿＿＿　36.8　.　04　.　108.5　.　11(13)　2南信濃
金沢大学＿＿.　1秋ヶ島＿＿　36.3　.　07　.　108.0　.　12(13)　2伏木
広島経済大学.　1三次＿＿＿＿　35.1　.　15　.　107.9　.　13(10)　2加計
日本大学＿＿.　1大子＿＿＿＿　36.0　.　12　.　107.8　.　14(12)　2古河
四国大学＿＿.　1穴吹＿＿＿＿　36.1　.　10　.　105.3　.　15(16)　2近永
三重大学＿＿.　1粥見＿＿＿＿　33.8　.　16　.　104.4　.　16(15)　2五條
鹿児島大学.　1東市来＿＿　30.7　.　18　.　098.4　.　17(17)　2川内
琉球大学＿＿.　1北原＿＿＿＿　31.4　.　17　.　093.8　.　18(18)　2仲筋

--- [速報モード] 速報データを realtime_report.json に保存しました ---
速報ファイル (realtime_report.json, individual_results.json) に変更を検出しました。GitHubにプッシュします。
[main 12830d7] Update realtime report [bot] 2025-07-25 15:35:04
 1 file changed, 1 insertion(+), 1 deletion(-)
--- 2025-07-25 15:45:00 ---
リアルタイム速報の更新を開始します...
generate_report.py を実行中...
速報を生成中... 全チームの気温データを取得しています。
  福島大学 のデータを取得中...
  学連選抜 のデータを取得中...
  立命館大学 のデータを取得中...
  上武大学 のデータを取得中...
  東北大学 のデータを取得中...
  福岡大学 のデータを取得中...
  関西大学 のデータを取得中...
  鳥取大学 のデータを取得中...
  名古屋大学 のデータを取得中...
  広島経済大学 のデータを取得中...
  熊本学園大学 のデータを取得中...
  日本大学 のデータを取得中...
  山梨学院大学 のデータを取得中...
  金沢大学 のデータを取得中...
  三重大学 のデータを取得中...
  四国大学 のデータを取得中...
  鹿児島大学 のデータを取得中...
  琉球大学 のデータを取得中...

--- 速報生成完了 ---
7月25日　3日目　 速報（15:45現在）

　 　 　 　 　 　 　　 　 　　本日　.　.　.　.　.総合
　大学名　.　.　走者　.　距離 . 順位　.　距離　. 　順位　. 次走者　.　被交代選手　
福島大学＿＿.　1梁川＿＿＿＿　38.9　.　01　.　116.9　.　01(01)　2石川
学連選抜＿＿.　1美幌＿＿＿＿　36.3　.　07　.　112.8　.　02(02)　2新潟
上武大学＿＿.　1佐野＿＿＿＿　37.3　.　03　.　112.5　.　03(04)　2越谷
福岡大学＿＿.　1久留米＿＿　37.7　.　02　.　112.3　.　04(06)　2福岡
立命館大学.　1東近江＿＿　36.0　.　12　.　112.3　.　04(03)　2福知山
東北大学＿＿.　1帯広＿＿＿＿　36.1　.　10　.　111.3　.　06(04)　2山形
関西大学＿＿.　1福崎＿＿＿＿　36.5　.　06　.　110.9　.　07(07)　2和田山
鳥取大学＿＿.　1川本＿＿＿＿　36.9　.　04　.　110.3　.　08(08)　2鳥取
名古屋大学.　1美濃加茂　35.7　.　14　.　109.0　.　09(09)　2美濃
熊本学園大学.　1甲佐＿＿＿＿　36.2　.　09　.　108.8　.　10(11)　2岱明
---------------------------------------------------　
山梨学院大学.　1長野＿＿＿＿　36.8　.　05　.　108.5　.　11(13)　2南信濃
金沢大学＿＿.　1秋ヶ島＿＿　36.3　.　07　.　108.0　.　12(13)　2伏木
広島経済大学.　1三次＿＿＿＿　35.2　.　15　.　108.0　.　12(10)　2加計
日本大学＿＿.　1大子＿＿＿＿　36.0　.　12　.　107.8　.　14(12)　2古河
四国大学＿＿.　1穴吹＿＿＿＿　36.1　.　10　.　105.3　.　15(16)　2近永
三重大学＿＿.　1粥見＿＿＿＿　33.8　.　16　.　104.4　.　16(15)　2五條
鹿児島大学.　1東市来＿＿　30.7　.　18　.　098.4　.　17(17)　2川内
琉球大学＿＿.　1北原＿＿＿＿　31.4　.　17　.　093.8　.　18(18)　2仲筋

--- [速報モード] 速報データを realtime_report.json に保存しました ---
速報ファイル (realtime_report.json, individual_results.json) に変更を検出しました。GitHubにプッシュします。
[main 87ad5a4] Update realtime report [bot] 2025-07-25 15:45:05
 1 file changed, 8 insertions(+), 8 deletions(-)
--- 2025-07-25 15:55:01 ---
リアルタイム速報の更新を開始します...
generate_report.py を実行中...
速報を生成中... 全チームの気温データを取得しています。
  福島大学 のデータを取得中...
  学連選抜 のデータを取得中...
  立命館大学 のデータを取得中...
  上武大学 のデータを取得中...
  東北大学 のデータを取得中...
  福岡大学 のデータを取得中...
  関西大学 のデータを取得中...
  鳥取大学 のデータを取得中...
  名古屋大学 のデータを取得中...
  広島経済大学 のデータを取得中...
  熊本学園大学 のデータを取得中...
  日本大学 のデータを取得中...
  山梨学院大学 のデータを取得中...
  金沢大学 のデータを取得中...
  三重大学 のデータを取得中...
  四国大学 のデータを取得中...
  鹿児島大学 のデータを取得中...
  琉球大学 のデータを取得中...

--- 速報生成完了 ---
7月25日　3日目　 速報（15:55現在）

　 　 　 　 　 　 　　 　 　　本日　.　.　.　.　.総合
　大学名　.　.　走者　.　距離 . 順位　.　距離　. 　順位　. 次走者　.　被交代選手　
福島大学＿＿.　1梁川＿＿＿＿　38.9　.　01　.　116.9　.　01(01)　2石川
学連選抜＿＿.　1美幌＿＿＿＿　36.3　.　07　.　112.8　.　02(02)　2新潟
上武大学＿＿.　1佐野＿＿＿＿　37.3　.　03　.　112.5　.　03(04)　2越谷
福岡大学＿＿.　1久留米＿＿　37.7　.　02　.　112.3　.　04(06)　2福岡
立命館大学.　1東近江＿＿　36.0　.　12　.　112.3　.　04(03)　2福知山
東北大学＿＿.　1帯広＿＿＿＿　36.1　.　10　.　111.3　.　06(04)　2山形
関西大学＿＿.　1福崎＿＿＿＿　36.5　.　06　.　110.9　.　07(07)　2和田山
鳥取大学＿＿.　1川本＿＿＿＿　36.9　.　04　.　110.3　.　08(08)　2鳥取
名古屋大学.　1美濃加茂　35.7　.　14　.　109.0　.　09(09)　2美濃
熊本学園大学.　1甲佐＿＿＿＿　36.2　.　09　.　108.8　.　10(11)　2岱明
---------------------------------------------------　
山梨学院大学.　1長野＿＿＿＿　36.8　.　05　.　108.5　.　11(13)　2南信濃
金沢大学＿＿.　1秋ヶ島＿＿　36.3　.　07　.　108.0　.　12(13)　2伏木
広島経済大学.　1三次＿＿＿＿　35.2　.　15　.　108.0　.　12(10)　2加計
日本大学＿＿.　1大子＿＿＿＿　36.0　.　12　.　107.8　.　14(12)　2古河
四国大学＿＿.　1穴吹＿＿＿＿　36.1　.　10　.　105.3　.　15(16)　2近永
三重大学＿＿.　1粥見＿＿＿＿　33.8　.　16　.　104.4　.　16(15)　2五條
鹿児島大学.　1東市来＿＿　30.7　.　18　.　098.4　.　17(17)　2川内
琉球大学＿＿.　1北原＿＿＿＿　31.4　.　17　.　093.8　.　18(18)　2仲筋

--- [速報モード] 速報データを realtime_report.json と individual_results.json に保存しました ---
速報ファイル (realtime_report.json, individual_results.json) に変更を検出しました。GitHubにプッシュします。
[main 0eec1d2] Update realtime report [bot] 2025-07-25 15:55:04
 2 files changed, 651 insertions(+), 183 deletions(-)
--- 2025-07-25 16:05:00 ---
リアルタイム速報の更新を開始します...
generate_report.py を実行中...
速報を生成中... 全チームの気温データを取得しています。
  福島大学 のデータを取得中...
  学連選抜 のデータを取得中...
  立命館大学 のデータを取得中...
  上武大学 のデータを取得中...
  東北大学 のデータを取得中...
  福岡大学 のデータを取得中...
  関西大学 のデータを取得中...
  鳥取大学 のデータを取得中...
  名古屋大学 のデータを取得中...
  広島経済大学 のデータを取得中...
  熊本学園大学 のデータを取得中...
  日本大学 のデータを取得中...
  山梨学院大学 のデータを取得中...
  金沢大学 のデータを取得中...
  三重大学 のデータを取得中...
  四国大学 のデータを取得中...
  鹿児島大学 のデータを取得中...
  琉球大学 のデータを取得中...

--- 速報生成完了 ---
7月25日　3日目　 速報（16:05現在）

　 　 　 　 　 　 　　 　 　　本日　.　.　.　.　.総合
　大学名　.　.　走者　.　距離 . 順位　.　距離　. 　順位　. 次走者　.　被交代選手　
福島大学＿＿.　1梁川＿＿＿＿　38.9　.　01　.　116.9　.　01(01)　2石川
学連選抜＿＿.　1美幌＿＿＿＿　36.3　.　07　.　112.8　.　02(02)　2新潟
上武大学＿＿.　1佐野＿＿＿＿　37.3　.　03　.　112.5　.　03(04)　2越谷
福岡大学＿＿.　1久留米＿＿　37.7　.　02　.　112.3　.　04(06)　2福岡
立命館大学.　1東近江＿＿　36.0　.　12　.　112.3　.　04(03)　2福知山
東北大学＿＿.　1帯広＿＿＿＿　36.1　.　10　.　111.3　.　06(04)　2山形
関西大学＿＿.　1福崎＿＿＿＿　36.5　.　06　.　110.9　.　07(07)　2和田山
鳥取大学＿＿.　1川本＿＿＿＿　36.9　.　04　.　110.3　.　08(08)　2鳥取
名古屋大学.　1美濃加茂　35.7　.　14　.　109.0　.　09(09)　2美濃
熊本学園大学.　1甲佐＿＿＿＿　36.2　.　09　.　108.8　.　10(11)　2岱明
---------------------------------------------------　
山梨学院大学.　1長野＿＿＿＿　36.8　.　05　.　108.5　.　11(13)　2南信濃
金沢大学＿＿.　1秋ヶ島＿＿　36.3　.　07　.　108.0　.　12(13)　2伏木
広島経済大学.　1三次＿＿＿＿　35.2　.　15　.　108.0　.　12(10)　2加計
日本大学＿＿.　1大子＿＿＿＿　36.0　.　12　.　107.8　.　14(12)　2古河
四国大学＿＿.　1穴吹＿＿＿＿　36.1　.　10　.　105.3　.　15(16)　2近永
三重大学＿＿.　1粥見＿＿＿＿　33.8　.　16　.　104.4　.　16(15)　2五條
鹿児島大学.　1東市来＿＿　30.7　.　18　.　098.4　.　17(17)　2川内
琉球大学＿＿.　1北原＿＿＿＿　31.4　.　17　.　093.8　.　18(18)　2仲筋

--- [速報モード] 速報データを realtime_report.json と individual_results.json に保存しました ---
速報ファイル (realtime_report.json, individual_results.json) に変更を検出しました。GitHubにプッシュします。
[main 579d39e] Update realtime report [bot] 2025-07-25 16:05:03
 1 file changed, 1 insertion(+), 1 deletion(-)
--- 2025-07-25 16:15:00 ---
リアルタイム速報の更新を開始します...
generate_report.py を実行中...
速報を生成中... 全チームの気温データを取得しています。
  福島大学 のデータを取得中...
  学連選抜 のデータを取得中...
  立命館大学 のデータを取得中...
  上武大学 のデータを取得中...
  東北大学 のデータを取得中...
  福岡大学 のデータを取得中...
  関西大学 のデータを取得中...
  鳥取大学 のデータを取得中...
  名古屋大学 のデータを取得中...
  広島経済大学 のデータを取得中...
  熊本学園大学 のデータを取得中...
  日本大学 のデータを取得中...
  山梨学院大学 のデータを取得中...
  金沢大学 のデータを取得中...
  三重大学 のデータを取得中...
  四国大学 のデータを取得中...
  鹿児島大学 のデータを取得中...
  琉球大学 のデータを取得中...

--- 速報生成完了 ---
7月25日　3日目　 速報（16:15現在）

　 　 　 　 　 　 　　 　 　　本日　.　.　.　.　.総合
　大学名　.　.　走者　.　距離 . 順位　.　距離　. 　順位　. 次走者　.　被交代選手　
福島大学＿＿.　1梁川＿＿＿＿　38.9　.　01　.　116.9　.　01(01)　2石川
学連選抜＿＿.　1美幌＿＿＿＿　36.3　.　07　.　112.8　.　02(02)　2新潟
上武大学＿＿.　1佐野＿＿＿＿　37.3　.　03　.　112.5　.　03(04)　2越谷
福岡大学＿＿.　1久留米＿＿　37.7　.　02　.　112.3　.　04(06)　2福岡
立命館大学.　1東近江＿＿　36.0　.　12　.　112.3　.　04(03)　2福知山
東北大学＿＿.　1帯広＿＿＿＿　36.1　.　10　.　111.3　.　06(04)　2山形
関西大学＿＿.　1福崎＿＿＿＿　36.5　.　06　.　110.9　.　07(07)　2和田山
鳥取大学＿＿.　1川本＿＿＿＿　36.9　.　04　.　110.3　.　08(08)　2鳥取
名古屋大学.　1美濃加茂　35.7　.　14　.　109.0　.　09(09)　2美濃
熊本学園大学.　1甲佐＿＿＿＿　36.2　.　09　.　108.8　.　10(11)　2岱明
---------------------------------------------------　
山梨学院大学.　1長野＿＿＿＿　36.8　.　05　.　108.5　.　11(13)　2南信濃
金沢大学＿＿.　1秋ヶ島＿＿　36.3　.　07　.　108.0　.　12(13)　2伏木
広島経済大学.　1三次＿＿＿＿　35.2　.　15　.　108.0　.　12(10)　2加計
日本大学＿＿.　1大子＿＿＿＿　36.0　.　12　.　107.8　.　14(12)　2古河
四国大学＿＿.　1穴吹＿＿＿＿　36.1　.　10　.　105.3　.　15(16)　2近永
三重大学＿＿.　1粥見＿＿＿＿　33.8　.　16　.　104.4　.　16(15)　2五條
鹿児島大学.　1東市来＿＿　30.7　.　18　.　098.4　.　17(17)　2川内
琉球大学＿＿.　1北原＿＿＿＿　31.4　.　17　.　093.8　.　18(18)　2仲筋

--- [速報モード] 速報データを realtime_report.json と individual_results.json に保存しました ---
速報ファイル (realtime_report.json, individual_results.json) に変更を検出しました。GitHubにプッシュします。
[main 799c521] Update realtime report [bot] 2025-07-25 16:15:05
 1 file changed, 1 insertion(+), 1 deletion(-)
--- 2025-07-25 16:25:00 ---
リアルタイム速報の更新を開始します...
generate_report.py を実行中...
速報を生成中... 全チームの気温データを取得しています。
  福島大学 のデータを取得中...
  学連選抜 のデータを取得中...
  立命館大学 のデータを取得中...
  上武大学 のデータを取得中...
  東北大学 のデータを取得中...
  福岡大学 のデータを取得中...
  関西大学 のデータを取得中...
  鳥取大学 のデータを取得中...
  名古屋大学 のデータを取得中...
  広島経済大学 のデータを取得中...
  熊本学園大学 のデータを取得中...
  日本大学 のデータを取得中...
  山梨学院大学 のデータを取得中...
  金沢大学 のデータを取得中...
  三重大学 のデータを取得中...
  四国大学 のデータを取得中...
  鹿児島大学 のデータを取得中...
  琉球大学 のデータを取得中...

--- 速報生成完了 ---
7月25日　3日目　 速報（16:25現在）

　 　 　 　 　 　 　　 　 　　本日　.　.　.　.　.総合
　大学名　.　.　走者　.　距離 . 順位　.　距離　. 　順位　. 次走者　.　被交代選手　
福島大学＿＿.　1梁川＿＿＿＿　38.9　.　01　.　116.9　.　01(01)　2石川
学連選抜＿＿.　1美幌＿＿＿＿　36.3　.　07　.　112.8　.　02(02)　2新潟
上武大学＿＿.　1佐野＿＿＿＿　37.3　.　03　.　112.5　.　03(04)　2越谷
福岡大学＿＿.　1久留米＿＿　37.7　.　02　.　112.3　.　04(06)　2福岡
立命館大学.　1東近江＿＿　36.0　.　12　.　112.3　.　04(03)　2福知山
東北大学＿＿.　1帯広＿＿＿＿　36.1　.　10　.　111.3　.　06(04)　2山形
関西大学＿＿.　1福崎＿＿＿＿　36.5　.　06　.　110.9　.　07(07)　2和田山
鳥取大学＿＿.　1川本＿＿＿＿　36.9　.　04　.　110.3　.　08(08)　2鳥取
名古屋大学.　1美濃加茂　35.7　.　14　.　109.0　.　09(09)　2美濃
熊本学園大学.　1甲佐＿＿＿＿　36.2　.　09　.　108.8　.　10(11)　2岱明
---------------------------------------------------　
山梨学院大学.　1長野＿＿＿＿　36.8　.　05　.　108.5　.　11(13)　2南信濃
金沢大学＿＿.　1秋ヶ島＿＿　36.3　.　07　.　108.0　.　12(13)　2伏木
広島経済大学.　1三次＿＿＿＿　35.2　.　15　.　108.0　.　12(10)　2加計
日本大学＿＿.　1大子＿＿＿＿　36.0　.　12　.　107.8　.　14(12)　2古河
四国大学＿＿.　1穴吹＿＿＿＿　36.1　.　10　.　105.3　.　15(16)　2近永
三重大学＿＿.　1粥見＿＿＿＿　33.8　.　16　.　104.4　.　16(15)　2五條
鹿児島大学.　1東市来＿＿　30.7　.　18　.　098.4　.　17(17)　2川内
琉球大学＿＿.　1北原＿＿＿＿　31.4　.　17　.　093.8　.　18(18)　2仲筋

--- [速報モード] 速報データを realtime_report.json と individual_results.json に保存しました ---
速報ファイル (realtime_report.json, individual_results.json) に変更を検出しました。GitHubにプッシュします。
[main fe3cf4d] Update realtime report [bot] 2025-07-25 16:25:05
 1 file changed, 1 insertion(+), 1 deletion(-)
--- 2025-07-25 16:35:00 ---
リアルタイム速報の更新を開始します...
generate_report.py を実行中...
速報を生成中... 全チームの気温データを取得しています。
  福島大学 のデータを取得中...
  学連選抜 のデータを取得中...
  立命館大学 のデータを取得中...
  上武大学 のデータを取得中...
  東北大学 のデータを取得中...
  福岡大学 のデータを取得中...
  関西大学 のデータを取得中...
  鳥取大学 のデータを取得中...
  名古屋大学 のデータを取得中...
  広島経済大学 のデータを取得中...
  熊本学園大学 のデータを取得中...
  日本大学 のデータを取得中...
  山梨学院大学 のデータを取得中...
  金沢大学 のデータを取得中...
  三重大学 のデータを取得中...
  四国大学 のデータを取得中...
  鹿児島大学 のデータを取得中...
  琉球大学 のデータを取得中...

--- 速報生成完了 ---
7月25日　3日目　 速報（16:35現在）

　 　 　 　 　 　 　　 　 　　本日　.　.　.　.　.総合
　大学名　.　.　走者　.　距離 . 順位　.　距離　. 　順位　. 次走者　.　被交代選手　
福島大学＿＿.　1梁川＿＿＿＿　38.9　.　01　.　116.9　.　01(01)　2石川
学連選抜＿＿.　1美幌＿＿＿＿　36.3　.　07　.　112.8　.　02(02)　2新潟
上武大学＿＿.　1佐野＿＿＿＿　37.3　.　03　.　112.5　.　03(04)　2越谷
福岡大学＿＿.　1久留米＿＿　37.7　.　02　.　112.3　.　04(06)　2福岡
立命館大学.　1東近江＿＿　36.0　.　12　.　112.3　.　04(03)　2福知山
東北大学＿＿.　1帯広＿＿＿＿　36.1　.　10　.　111.3　.　06(04)　2山形
関西大学＿＿.　1福崎＿＿＿＿　36.5　.　06　.　110.9　.　07(07)　2和田山
鳥取大学＿＿.　1川本＿＿＿＿　36.9　.　04　.　110.3　.　08(08)　2鳥取
名古屋大学.　1美濃加茂　35.7　.　14　.　109.0　.　09(09)　2美濃
熊本学園大学.　1甲佐＿＿＿＿　36.2　.　09　.　108.8　.　10(11)　2岱明
---------------------------------------------------　
山梨学院大学.　1長野＿＿＿＿　36.8　.　05　.　108.5　.　11(13)　2南信濃
広島経済大学.　1三次＿＿＿＿　35.3　.　15　.　108.1　.　12(10)　2加計
金沢大学＿＿.　1秋ヶ島＿＿　36.3　.　07　.　108.0　.　13(13)　2伏木
日本大学＿＿.　1大子＿＿＿＿　36.0　.　12　.　107.8　.　14(12)　2古河
四国大学＿＿.　1穴吹＿＿＿＿　36.1　.　10　.　105.3　.　15(16)　2近永
三重大学＿＿.　1粥見＿＿＿＿　33.8　.　16　.　104.4　.　16(15)　2五條
鹿児島大学.　1東市来＿＿　30.7　.　18　.　098.4　.　17(17)　2川内
琉球大学＿＿.　1北原＿＿＿＿　31.4　.　17　.　093.8　.　18(18)　2仲筋

--- [速報モード] 速報データを realtime_report.json と individual_results.json に保存しました ---
速報ファイル (realtime_report.json, individual_results.json) に変更を検出しました。GitHubにプッシュします。
[main 4d30878] Update realtime report [bot] 2025-07-25 16:35:04
 2 files changed, 16 insertions(+), 16 deletions(-)
--- 2025-07-25 16:45:01 ---
リアルタイム速報の更新を開始します...
generate_report.py を実行中...
速報を生成中... 全チームの気温データを取得しています。
  福島大学 のデータを取得中...
  学連選抜 のデータを取得中...
  立命館大学 のデータを取得中...
  上武大学 のデータを取得中...
  東北大学 のデータを取得中...
  福岡大学 のデータを取得中...
  関西大学 のデータを取得中...
  鳥取大学 のデータを取得中...
  名古屋大学 のデータを取得中...
  広島経済大学 のデータを取得中...
  熊本学園大学 のデータを取得中...
  日本大学 のデータを取得中...
  山梨学院大学 のデータを取得中...
  金沢大学 のデータを取得中...
  三重大学 のデータを取得中...
  四国大学 のデータを取得中...
  鹿児島大学 のデータを取得中...
  琉球大学 のデータを取得中...

--- 速報生成完了 ---
7月25日　3日目　 速報（16:45現在）

　 　 　 　 　 　 　　 　 　　本日　.　.　.　.　.総合
　大学名　.　.　走者　.　距離 . 順位　.　距離　. 　順位　. 次走者　.　被交代選手　
福島大学＿＿.　1梁川＿＿＿＿　38.9　.　01　.　116.9　.　01(01)　2石川
学連選抜＿＿.　1美幌＿＿＿＿　36.3　.　07　.　112.8　.　02(02)　2新潟
上武大学＿＿.　1佐野＿＿＿＿　37.3　.　03　.　112.5　.　03(04)　2越谷
福岡大学＿＿.　1久留米＿＿　37.7　.　02　.　112.3　.　04(06)　2福岡
立命館大学.　1東近江＿＿　36.0　.　12　.　112.3　.　04(03)　2福知山
東北大学＿＿.　1帯広＿＿＿＿　36.1　.　10　.　111.3　.　06(04)　2山形
関西大学＿＿.　1福崎＿＿＿＿　36.5　.　06　.　110.9　.　07(07)　2和田山
鳥取大学＿＿.　1川本＿＿＿＿　36.9　.　04　.　110.3　.　08(08)　2鳥取
名古屋大学.　1美濃加茂　35.7　.　14　.　109.0　.　09(09)　2美濃
熊本学園大学.　1甲佐＿＿＿＿　36.2　.　09　.　108.8　.　10(11)　2岱明
---------------------------------------------------　
山梨学院大学.　1長野＿＿＿＿　36.8　.　05　.　108.5　.　11(13)　2南信濃
広島経済大学.　1三次＿＿＿＿　35.3　.　15　.　108.1　.　12(10)　2加計
金沢大学＿＿.　1秋ヶ島＿＿　36.3　.　07　.　108.0　.　13(13)　2伏木
日本大学＿＿.　1大子＿＿＿＿　36.0　.　12　.　107.8　.　14(12)　2古河
四国大学＿＿.　1穴吹＿＿＿＿　36.1　.　10　.　105.3　.　15(16)　2近永
三重大学＿＿.　1粥見＿＿＿＿　33.8　.　16　.　104.4　.　16(15)　2五條
鹿児島大学.　1東市来＿＿　30.7　.　18　.　098.4　.　17(17)　2川内
琉球大学＿＿.　1北原＿＿＿＿　31.4　.　17　.　093.8　.　18(18)　2仲筋

--- [速報モード] 速報データを realtime_report.json と individual_results.json に保存しました ---
速報ファイル (realtime_report.json, individual_results.json) に変更を検出しました。GitHubにプッシュします。
[main 8372cb9] Update realtime report [bot] 2025-07-25 16:45:06
 1 file changed, 1 insertion(+), 1 deletion(-)
--- 2025-07-25 16:55:00 ---
リアルタイム速報の更新を開始します...
generate_report.py を実行中...
速報を生成中... 全チームの気温データを取得しています。
  福島大学 のデータを取得中...
  学連選抜 のデータを取得中...
  立命館大学 のデータを取得中...
  上武大学 のデータを取得中...
  東北大学 のデータを取得中...
  福岡大学 のデータを取得中...
  関西大学 のデータを取得中...
  鳥取大学 のデータを取得中...
  名古屋大学 のデータを取得中...
  広島経済大学 のデータを取得中...
  熊本学園大学 のデータを取得中...
  日本大学 のデータを取得中...
  山梨学院大学 のデータを取得中...
  金沢大学 のデータを取得中...
  三重大学 のデータを取得中...
  四国大学 のデータを取得中...
  鹿児島大学 のデータを取得中...
  琉球大学 のデータを取得中...

--- 速報生成完了 ---
7月25日　3日目　 速報（16:55現在）

　 　 　 　 　 　 　　 　 　　本日　.　.　.　.　.総合
　大学名　.　.　走者　.　距離 . 順位　.　距離　. 　順位　. 次走者　.　被交代選手　
福島大学＿＿.　1梁川＿＿＿＿　38.9　.　01　.　116.9　.　01(01)　2石川
学連選抜＿＿.　1美幌＿＿＿＿　36.3　.　07　.　112.8　.　02(02)　2新潟
上武大学＿＿.　1佐野＿＿＿＿　37.3　.　03　.　112.5　.　03(04)　2越谷
福岡大学＿＿.　1久留米＿＿　37.7　.　02　.　112.3　.　04(06)　2福岡
立命館大学.　1東近江＿＿　36.0　.　12　.　112.3　.　04(03)　2福知山
東北大学＿＿.　1帯広＿＿＿＿　36.1　.　10　.　111.3　.　06(04)　2山形
関西大学＿＿.　1福崎＿＿＿＿　36.5　.　06　.　110.9　.　07(07)　2和田山
鳥取大学＿＿.　1川本＿＿＿＿　36.9　.　04　.　110.3　.　08(08)　2鳥取
名古屋大学.　1美濃加茂　35.7　.　14　.　109.0　.　09(09)　2美濃
熊本学園大学.　1甲佐＿＿＿＿　36.2　.　09　.　108.8　.　10(11)　2岱明
---------------------------------------------------　
山梨学院大学.　1長野＿＿＿＿　36.8　.　05　.　108.5　.　11(13)　2南信濃
広島経済大学.　1三次＿＿＿＿　35.3　.　15　.　108.1　.　12(10)　2加計
金沢大学＿＿.　1秋ヶ島＿＿　36.3　.　07　.　108.0　.　13(13)　2伏木
日本大学＿＿.　1大子＿＿＿＿　36.0　.　12　.　107.8　.　14(12)　2古河
四国大学＿＿.　1穴吹＿＿＿＿　36.1　.　10　.　105.3　.　15(16)　2近永
三重大学＿＿.　1粥見＿＿＿＿　33.8　.　16　.　104.4　.　16(15)　2五條
鹿児島大学.　1東市来＿＿　30.7　.　18　.　098.4　.　17(17)　2川内
琉球大学＿＿.　1北原＿＿＿＿　31.4　.　17　.　093.8　.　18(18)　2仲筋

--- [速報モード] 速報データを realtime_report.json と individual_results.json に保存しました ---
速報ファイル (realtime_report.json, individual_results.json) に変更を検出しました。GitHubにプッシュします。
[main dfb05c2] Update realtime report [bot] 2025-07-25 16:55:04
 1 file changed, 1 insertion(+), 1 deletion(-)
--- 2025-07-25 17:05:00 ---
リアルタイム速報の更新を開始します...
generate_report.py を実行中...
速報を生成中... 全チームの気温データを取得しています。
  福島大学 のデータを取得中...
  学連選抜 のデータを取得中...
  立命館大学 のデータを取得中...
  上武大学 のデータを取得中...
  東北大学 のデータを取得中...
  福岡大学 のデータを取得中...
  関西大学 のデータを取得中...
  鳥取大学 のデータを取得中...
  名古屋大学 のデータを取得中...
  広島経済大学 のデータを取得中...
  熊本学園大学 のデータを取得中...
  日本大学 のデータを取得中...
  山梨学院大学 のデータを取得中...
  金沢大学 のデータを取得中...
  三重大学 のデータを取得中...
  四国大学 のデータを取得中...
  鹿児島大学 のデータを取得中...
  琉球大学 のデータを取得中...

--- 速報生成完了 ---
7月25日　3日目　 速報（17:05現在）

　 　 　 　 　 　 　　 　 　　本日　.　.　.　.　.総合
　大学名　.　.　走者　.　距離 . 順位　.　距離　. 　順位　. 次走者　.　被交代選手　
福島大学＿＿.　1梁川＿＿＿＿　38.9　.　01　.　116.9　.　01(01)　2石川
学連選抜＿＿.　1美幌＿＿＿＿　36.3　.　07　.　112.8　.　02(02)　2新潟
上武大学＿＿.　1佐野＿＿＿＿　37.3　.　03　.　112.5　.　03(04)　2越谷
福岡大学＿＿.　1久留米＿＿　37.7　.　02　.　112.3　.　04(06)　2福岡
立命館大学.　1東近江＿＿　36.0　.　12　.　112.3　.　04(03)　2福知山
東北大学＿＿.　1帯広＿＿＿＿　36.1　.　10　.　111.3　.　06(04)　2山形
関西大学＿＿.　1福崎＿＿＿＿　36.5　.　06　.　110.9　.　07(07)　2和田山
鳥取大学＿＿.　1川本＿＿＿＿　36.9　.　04　.　110.3　.　08(08)　2鳥取
名古屋大学.　1美濃加茂　35.7　.　14　.　109.0　.　09(09)　2美濃
熊本学園大学.　1甲佐＿＿＿＿　36.2　.　09　.　108.8　.　10(11)　2岱明
---------------------------------------------------　
山梨学院大学.　1長野＿＿＿＿　36.8　.　05　.　108.5　.　11(13)　2南信濃
広島経済大学.　1三次＿＿＿＿　35.3　.　15　.　108.1　.　12(10)　2加計
金沢大学＿＿.　1秋ヶ島＿＿　36.3　.　07　.　108.0　.　13(13)　2伏木
日本大学＿＿.　1大子＿＿＿＿　36.0　.　12　.　107.8　.　14(12)　2古河
四国大学＿＿.　1穴吹＿＿＿＿　36.1　.　10　.　105.3　.　15(16)　2近永
三重大学＿＿.　1粥見＿＿＿＿　33.8　.　16　.　104.4　.　16(15)　2五條
鹿児島大学.　1東市来＿＿　30.7　.　18　.　098.4　.　17(17)　2川内
琉球大学＿＿.　1北原＿＿＿＿　31.4　.　17　.　093.8　.　18(18)　2仲筋

--- [速報モード] 速報データを realtime_report.json と individual_results.json に保存しました ---
速報ファイル (realtime_report.json, individual_results.json) に変更を検出しました。GitHubにプッシュします。
[main 968b94f] Update realtime report [bot] 2025-07-25 17:05:03
 1 file changed, 1 insertion(+), 1 deletion(-)
--- 2025-07-25 17:15:00 ---
リアルタイム速報の更新を開始します...
generate_report.py を実行中...
速報を生成中... 全チームの気温データを取得しています。
  福島大学 のデータを取得中...
  学連選抜 のデータを取得中...
  立命館大学 のデータを取得中...
  上武大学 のデータを取得中...
  東北大学 のデータを取得中...
  福岡大学 のデータを取得中...
  関西大学 のデータを取得中...
  鳥取大学 のデータを取得中...
  名古屋大学 のデータを取得中...
  広島経済大学 のデータを取得中...
  熊本学園大学 のデータを取得中...
  日本大学 のデータを取得中...
  山梨学院大学 のデータを取得中...
  金沢大学 のデータを取得中...
  三重大学 のデータを取得中...
  四国大学 のデータを取得中...
  鹿児島大学 のデータを取得中...
  琉球大学 のデータを取得中...

--- 速報生成完了 ---
7月25日　3日目　 速報（17:15現在）

　 　 　 　 　 　 　　 　 　　本日　.　.　.　.　.総合
　大学名　.　.　走者　.　距離 . 順位　.　距離　. 　順位　. 次走者　.　被交代選手　
福島大学＿＿.　1梁川＿＿＿＿　38.9　.　01　.　116.9　.　01(01)　2石川
学連選抜＿＿.　1美幌＿＿＿＿　36.3　.　07　.　112.8　.　02(02)　2新潟
上武大学＿＿.　1佐野＿＿＿＿　37.3　.　03　.　112.5　.　03(04)　2越谷
福岡大学＿＿.　1久留米＿＿　37.7　.　02　.　112.3　.　04(06)　2福岡
立命館大学.　1東近江＿＿　36.0　.　12　.　112.3　.　04(03)　2福知山
東北大学＿＿.　1帯広＿＿＿＿　36.1　.　10　.　111.3　.　06(04)　2山形
関西大学＿＿.　1福崎＿＿＿＿　36.5　.　06　.　110.9　.　07(07)　2和田山
鳥取大学＿＿.　1川本＿＿＿＿　36.9　.　04　.　110.3　.　08(08)　2鳥取
名古屋大学.　1美濃加茂　35.7　.　14　.　109.0　.　09(09)　2美濃
熊本学園大学.　1甲佐＿＿＿＿　36.2　.　09　.　108.8　.　10(11)　2岱明
---------------------------------------------------　
山梨学院大学.　1長野＿＿＿＿　36.8　.　05　.　108.5　.　11(13)　2南信濃
広島経済大学.　1三次＿＿＿＿　35.3　.　15　.　108.1　.　12(10)　2加計
金沢大学＿＿.　1秋ヶ島＿＿　36.3　.　07　.　108.0　.　13(13)　2伏木
日本大学＿＿.　1大子＿＿＿＿　36.0　.　12　.　107.8　.　14(12)　2古河
四国大学＿＿.　1穴吹＿＿＿＿　36.1　.　10　.　105.3　.　15(16)　2近永
三重大学＿＿.　1粥見＿＿＿＿　33.8　.　16　.　104.4　.　16(15)　2五條
鹿児島大学.　1東市来＿＿　30.7　.　18　.　098.4　.　17(17)　2川内
琉球大学＿＿.　1北原＿＿＿＿　31.4　.　17　.　093.8　.　18(18)　2仲筋

--- [速報モード] 速報データを realtime_report.json と individual_results.json に保存しました ---
速報ファイル (realtime_report.json, individual_results.json) に変更を検出しました。GitHubにプッシュします。
[main a1d6656] Update realtime report [bot] 2025-07-25 17:15:05
 1 file changed, 1 insertion(+), 1 deletion(-)
--- 2025-07-25 17:25:01 ---
リアルタイム速報の更新を開始します...
generate_report.py を実行中...
速報を生成中... 全チームの気温データを取得しています。
  福島大学 のデータを取得中...
  学連選抜 のデータを取得中...
  立命館大学 のデータを取得中...
  上武大学 のデータを取得中...
  東北大学 のデータを取得中...
  福岡大学 のデータを取得中...
  関西大学 のデータを取得中...
  鳥取大学 のデータを取得中...
  名古屋大学 のデータを取得中...
  広島経済大学 のデータを取得中...
  熊本学園大学 のデータを取得中...
  日本大学 のデータを取得中...
  山梨学院大学 のデータを取得中...
  金沢大学 のデータを取得中...
  三重大学 のデータを取得中...
  四国大学 のデータを取得中...
  鹿児島大学 のデータを取得中...
  琉球大学 のデータを取得中...

--- 速報生成完了 ---
7月25日　3日目　 速報（17:25現在）

　 　 　 　 　 　 　　 　 　　本日　.　.　.　.　.総合
　大学名　.　.　走者　.　距離 . 順位　.　距離　. 　順位　. 次走者　.　被交代選手　
福島大学＿＿.　1梁川＿＿＿＿　38.9　.　01　.　116.9　.　01(01)　2石川
学連選抜＿＿.　1美幌＿＿＿＿　36.3　.　07　.　112.8　.　02(02)　2新潟
上武大学＿＿.　1佐野＿＿＿＿　37.3　.　03　.　112.5　.　03(04)　2越谷
福岡大学＿＿.　1久留米＿＿　37.7　.　02　.　112.3　.　04(06)　2福岡
立命館大学.　1東近江＿＿　36.0　.　12　.　112.3　.　04(03)　2福知山
東北大学＿＿.　1帯広＿＿＿＿　36.1　.　10　.　111.3　.　06(04)　2山形
関西大学＿＿.　1福崎＿＿＿＿　36.5　.　06　.　110.9　.　07(07)　2和田山
鳥取大学＿＿.　1川本＿＿＿＿　36.9　.　04　.　110.3　.　08(08)　2鳥取
名古屋大学.　1美濃加茂　35.7　.　14　.　109.0　.　09(09)　2美濃
熊本学園大学.　1甲佐＿＿＿＿　36.2　.　09　.　108.8　.　10(11)　2岱明
---------------------------------------------------　
山梨学院大学.　1長野＿＿＿＿　36.8　.　05　.　108.5　.　11(13)　2南信濃
広島経済大学.　1三次＿＿＿＿　35.3　.　15　.　108.1　.　12(10)　2加計
金沢大学＿＿.　1秋ヶ島＿＿　36.3　.　07　.　108.0　.　13(13)　2伏木
日本大学＿＿.　1大子＿＿＿＿　36.0　.　12　.　107.8　.　14(12)　2古河
四国大学＿＿.　1穴吹＿＿＿＿　36.1　.　10　.　105.3　.　15(16)　2近永
三重大学＿＿.　1粥見＿＿＿＿　33.8　.　16　.　104.4　.　16(15)　2五條
鹿児島大学.　1東市来＿＿　30.7　.　18　.　098.4　.　17(17)　2川内
琉球大学＿＿.　1北原＿＿＿＿　31.4　.　17　.　093.8　.　18(18)　2仲筋

--- [速報モード] 速報データを realtime_report.json と individual_results.json に保存しました ---
速報ファイル (realtime_report.json, individual_results.json) に変更を検出しました。GitHubにプッシュします。
[main 6be31c8] Update realtime report [bot] 2025-07-25 17:25:04
 1 file changed, 1 insertion(+), 1 deletion(-)
--- 2025-07-25 17:35:00 ---
リアルタイム速報の更新を開始します...
generate_report.py を実行中...
速報を生成中... 全チームの気温データを取得しています。
  福島大学 のデータを取得中...
  学連選抜 のデータを取得中...
  立命館大学 のデータを取得中...
  上武大学 のデータを取得中...
  東北大学 のデータを取得中...
  福岡大学 のデータを取得中...
  関西大学 のデータを取得中...
  鳥取大学 のデータを取得中...
  名古屋大学 のデータを取得中...
  広島経済大学 のデータを取得中...
  熊本学園大学 のデータを取得中...
  日本大学 のデータを取得中...
  山梨学院大学 のデータを取得中...
  金沢大学 のデータを取得中...
  三重大学 のデータを取得中...
  四国大学 のデータを取得中...
  鹿児島大学 のデータを取得中...
  琉球大学 のデータを取得中...

--- 速報生成完了 ---
7月25日　3日目　 速報（17:35現在）

　 　 　 　 　 　 　　 　 　　本日　.　.　.　.　.総合
　大学名　.　.　走者　.　距離 . 順位　.　距離　. 　順位　. 次走者　.　被交代選手　
福島大学＿＿.　1梁川＿＿＿＿　38.9　.　01　.　116.9　.　01(01)　2石川
学連選抜＿＿.　1美幌＿＿＿＿　36.3　.　07　.　112.8　.　02(02)　2新潟
上武大学＿＿.　1佐野＿＿＿＿　37.3　.　03　.　112.5　.　03(04)　2越谷
福岡大学＿＿.　1久留米＿＿　37.7　.　02　.　112.3　.　04(06)　2福岡
立命館大学.　1東近江＿＿　36.0　.　12　.　112.3　.　04(03)　2福知山
東北大学＿＿.　1帯広＿＿＿＿　36.1　.　10　.　111.3　.　06(04)　2山形
関西大学＿＿.　1福崎＿＿＿＿　36.5　.　06　.　110.9　.　07(07)　2和田山
鳥取大学＿＿.　1川本＿＿＿＿　36.9　.　04　.　110.3　.　08(08)　2鳥取
名古屋大学.　1美濃加茂　35.7　.　14　.　109.0　.　09(09)　2美濃
熊本学園大学.　1甲佐＿＿＿＿　36.2　.　09　.　108.8　.　10(11)　2岱明
---------------------------------------------------　
山梨学院大学.　1長野＿＿＿＿　36.8　.　05　.　108.5　.　11(13)　2南信濃
広島経済大学.　1三次＿＿＿＿　35.3　.　15　.　108.1　.　12(10)　2加計
金沢大学＿＿.　1秋ヶ島＿＿　36.3　.　07　.　108.0　.　13(13)　2伏木
日本大学＿＿.　1大子＿＿＿＿　36.0　.　12　.　107.8　.　14(12)　2古河
四国大学＿＿.　1穴吹＿＿＿＿　36.1　.　10　.　105.3　.　15(16)　2近永
三重大学＿＿.　1粥見＿＿＿＿　33.8　.　16　.　104.4　.　16(15)　2五條
鹿児島大学.　1東市来＿＿　30.7　.　18　.　098.4　.　17(17)　2川内
琉球大学＿＿.　1北原＿＿＿＿　31.4　.　17　.　093.8　.　18(18)　2仲筋

--- [速報モード] 速報データを realtime_report.json と individual_results.json に保存しました ---
速報ファイル (realtime_report.json, individual_results.json) に変更を検出しました。GitHubにプッシュします。
[main c9f04e1] Update realtime report [bot] 2025-07-25 17:35:06
 1 file changed, 1 insertion(+), 1 deletion(-)
--- 2025-07-25 17:45:00 ---
リアルタイム速報の更新を開始します...
generate_report.py を実行中...
速報を生成中... 全チームの気温データを取得しています。
  福島大学 のデータを取得中...
  学連選抜 のデータを取得中...
  立命館大学 のデータを取得中...
  上武大学 のデータを取得中...
  東北大学 のデータを取得中...
  福岡大学 のデータを取得中...
  関西大学 のデータを取得中...
  鳥取大学 のデータを取得中...
  名古屋大学 のデータを取得中...
  広島経済大学 のデータを取得中...
  熊本学園大学 のデータを取得中...
  日本大学 のデータを取得中...
  山梨学院大学 のデータを取得中...
  金沢大学 のデータを取得中...
  三重大学 のデータを取得中...
  四国大学 のデータを取得中...
  鹿児島大学 のデータを取得中...
  琉球大学 のデータを取得中...

--- 速報生成完了 ---
7月25日　3日目　 速報（17:45現在）

　 　 　 　 　 　 　　 　 　　本日　.　.　.　.　.総合
　大学名　.　.　走者　.　距離 . 順位　.　距離　. 　順位　. 次走者　.　被交代選手　
福島大学＿＿.　1梁川＿＿＿＿　38.9　.　01　.　116.9　.　01(01)　2石川
学連選抜＿＿.　1美幌＿＿＿＿　36.3　.　07　.　112.8　.　02(02)　2新潟
上武大学＿＿.　1佐野＿＿＿＿　37.3　.　03　.　112.5　.　03(04)　2越谷
福岡大学＿＿.　1久留米＿＿　37.7　.　02　.　112.3　.　04(06)　2福岡
立命館大学.　1東近江＿＿　36.0　.　12　.　112.3　.　04(03)　2福知山
東北大学＿＿.　1帯広＿＿＿＿　36.1　.　10　.　111.3　.　06(04)　2山形
関西大学＿＿.　1福崎＿＿＿＿　36.5　.　06　.　110.9　.　07(07)　2和田山
鳥取大学＿＿.　1川本＿＿＿＿　36.9　.　04　.　110.3　.　08(08)　2鳥取
名古屋大学.　1美濃加茂　35.7　.　14　.　109.0　.　09(09)　2美濃
熊本学園大学.　1甲佐＿＿＿＿　36.2　.　09　.　108.8　.　10(11)　2岱明
---------------------------------------------------　
山梨学院大学.　1長野＿＿＿＿　36.8　.　05　.　108.5　.　11(13)　2南信濃
広島経済大学.　1三次＿＿＿＿　35.3　.　15　.　108.1　.　12(10)　2加計
金沢大学＿＿.　1秋ヶ島＿＿　36.3　.　07　.　108.0　.　13(13)　2伏木
日本大学＿＿.　1大子＿＿＿＿　36.0　.　12　.　107.8　.　14(12)　2古河
四国大学＿＿.　1穴吹＿＿＿＿　36.1　.　10　.　105.3　.　15(16)　2近永
三重大学＿＿.　1粥見＿＿＿＿　33.8　.　16　.　104.4　.　16(15)　2五條
鹿児島大学.　1東市来＿＿　30.7　.　18　.　098.4　.　17(17)　2川内
琉球大学＿＿.　1北原＿＿＿＿　31.4　.　17　.　093.8　.　18(18)　2仲筋

--- [速報モード] 速報データを realtime_report.json と individual_results.json に保存しました ---
速報ファイル (realtime_report.json, individual_results.json) に変更を検出しました。GitHubにプッシュします。
[main 8410081] Update realtime report [bot] 2025-07-25 17:45:04
 1 file changed, 1 insertion(+), 1 deletion(-)
--- 2025-07-25 17:55:00 ---
リアルタイム速報の更新を開始します...
generate_report.py を実行中...
速報を生成中... 全チームの気温データを取得しています。
  福島大学 のデータを取得中...
  学連選抜 のデータを取得中...
  立命館大学 のデータを取得中...
  上武大学 のデータを取得中...
  東北大学 のデータを取得中...
  福岡大学 のデータを取得中...
  関西大学 のデータを取得中...
  鳥取大学 のデータを取得中...
  名古屋大学 のデータを取得中...
  広島経済大学 のデータを取得中...
  熊本学園大学 のデータを取得中...
  日本大学 のデータを取得中...
  山梨学院大学 のデータを取得中...
  金沢大学 のデータを取得中...
  三重大学 のデータを取得中...
  四国大学 のデータを取得中...
  鹿児島大学 のデータを取得中...
  琉球大学 のデータを取得中...

--- 速報生成完了 ---
7月25日　3日目　 速報（17:55現在）

　 　 　 　 　 　 　　 　 　　本日　.　.　.　.　.総合
　大学名　.　.　走者　.　距離 . 順位　.　距離　. 　順位　. 次走者　.　被交代選手　
福島大学＿＿.　1梁川＿＿＿＿　38.9　.　01　.　116.9　.　01(01)　2石川
学連選抜＿＿.　1美幌＿＿＿＿　36.3　.　07　.　112.8　.　02(02)　2新潟
上武大学＿＿.　1佐野＿＿＿＿　37.3　.　03　.　112.5　.　03(04)　2越谷
福岡大学＿＿.　1久留米＿＿　37.7　.　02　.　112.3　.　04(06)　2福岡
立命館大学.　1東近江＿＿　36.0　.　12　.　112.3　.　04(03)　2福知山
東北大学＿＿.　1帯広＿＿＿＿　36.1　.　10　.　111.3　.　06(04)　2山形
関西大学＿＿.　1福崎＿＿＿＿　36.5　.　06　.　110.9　.　07(07)　2和田山
鳥取大学＿＿.　1川本＿＿＿＿　36.9　.　04　.　110.3　.　08(08)　2鳥取
名古屋大学.　1美濃加茂　35.7　.　14　.　109.0　.　09(09)　2美濃
熊本学園大学.　1甲佐＿＿＿＿　36.2　.　09　.　108.8　.　10(11)　2岱明
---------------------------------------------------　
山梨学院大学.　1長野＿＿＿＿　36.8　.　05　.　108.5　.　11(13)　2南信濃
広島経済大学.　1三次＿＿＿＿　35.3　.　15　.　108.1　.　12(10)　2加計
金沢大学＿＿.　1秋ヶ島＿＿　36.3　.　07　.　108.0　.　13(13)　2伏木
日本大学＿＿.　1大子＿＿＿＿　36.0　.　12　.　107.8　.　14(12)　2古河
四国大学＿＿.　1穴吹＿＿＿＿　36.1　.　10　.　105.3　.　15(16)　2近永
三重大学＿＿.　1粥見＿＿＿＿　33.8　.　16　.　104.4　.　16(15)　2五條
鹿児島大学.　1東市来＿＿　30.7　.　18　.　098.4　.　17(17)　2川内
琉球大学＿＿.　1北原＿＿＿＿　31.4　.　17　.　093.8　.　18(18)　2仲筋

--- [速報モード] 速報データを realtime_report.json と individual_results.json に保存しました ---
速報ファイル (realtime_report.json, individual_results.json) に変更を検出しました。GitHubにプッシュします。
[main e096fe4] Update realtime report [bot] 2025-07-25 17:55:04
 1 file changed, 1 insertion(+), 1 deletion(-)
--- 2025-07-25 18:05:00 ---
リアルタイム速報の更新を開始します...
generate_report.py を実行中...
速報を生成中... 全チームの気温データを取得しています。
  福島大学 のデータを取得中...
  学連選抜 のデータを取得中...
  立命館大学 のデータを取得中...
  上武大学 のデータを取得中...
  東北大学 のデータを取得中...
  福岡大学 のデータを取得中...
  関西大学 のデータを取得中...
  鳥取大学 のデータを取得中...
  名古屋大学 のデータを取得中...
  広島経済大学 のデータを取得中...
  熊本学園大学 のデータを取得中...
  日本大学 のデータを取得中...
  山梨学院大学 のデータを取得中...
  金沢大学 のデータを取得中...
  三重大学 のデータを取得中...
  四国大学 のデータを取得中...
  鹿児島大学 のデータを取得中...
  琉球大学 のデータを取得中...

--- 速報生成完了 ---
7月25日　3日目　 速報（18:05現在）

　 　 　 　 　 　 　　 　 　　本日　.　.　.　.　.総合
　大学名　.　.　走者　.　距離 . 順位　.　距離　. 　順位　. 次走者　.　被交代選手　
福島大学＿＿.　1梁川＿＿＿＿　38.9　.　01　.　116.9　.　01(01)　2石川
学連選抜＿＿.　1美幌＿＿＿＿　36.3　.　07　.　112.8　.　02(02)　2新潟
上武大学＿＿.　1佐野＿＿＿＿　37.3　.　03　.　112.5　.　03(04)　2越谷
福岡大学＿＿.　1久留米＿＿　37.7　.　02　.　112.3　.　04(06)　2福岡
立命館大学.　1東近江＿＿　36.0　.　12　.　112.3　.　04(03)　2福知山
東北大学＿＿.　1帯広＿＿＿＿　36.1　.　10　.　111.3　.　06(04)　2山形
関西大学＿＿.　1福崎＿＿＿＿　36.5　.　06　.　110.9　.　07(07)　2和田山
鳥取大学＿＿.　1川本＿＿＿＿　36.9　.　04　.　110.3　.　08(08)　2鳥取
名古屋大学.　1美濃加茂　35.7　.　14　.　109.0　.　09(09)　2美濃
熊本学園大学.　1甲佐＿＿＿＿　36.2　.　09　.　108.8　.　10(11)　2岱明
---------------------------------------------------　
山梨学院大学.　1長野＿＿＿＿　36.8　.　05　.　108.5　.　11(13)　2南信濃
広島経済大学.　1三次＿＿＿＿　35.3　.　15　.　108.1　.　12(10)　2加計
金沢大学＿＿.　1秋ヶ島＿＿　36.3　.　07　.　108.0　.　13(13)　2伏木
日本大学＿＿.　1大子＿＿＿＿　36.0　.　12　.　107.8　.　14(12)　2古河
四国大学＿＿.　1穴吹＿＿＿＿　36.1　.　10　.　105.3　.　15(16)　2近永
三重大学＿＿.　1粥見＿＿＿＿　33.8　.　16　.　104.4　.　16(15)　2五條
鹿児島大学.　1東市来＿＿　30.7　.　18　.　098.4　.　17(17)　2川内
琉球大学＿＿.　1北原＿＿＿＿　31.4　.　17　.　093.8　.　18(18)　2仲筋

--- [速報モード] 速報データを realtime_report.json と individual_results.json に保存しました ---
速報ファイル (realtime_report.json, individual_results.json) に変更を検出しました。GitHubにプッシュします。
[main e807c70] Update realtime report [bot] 2025-07-25 18:05:05
 1 file changed, 1 insertion(+), 1 deletion(-)
--- 2025-07-25 18:15:00 ---
リアルタイム速報の更新を開始します...
generate_report.py を実行中...
速報を生成中... 全チームの気温データを取得しています。
  福島大学 のデータを取得中...
  学連選抜 のデータを取得中...
  立命館大学 のデータを取得中...
  上武大学 のデータを取得中...
  東北大学 のデータを取得中...
  福岡大学 のデータを取得中...
  関西大学 のデータを取得中...
  鳥取大学 のデータを取得中...
  名古屋大学 のデータを取得中...
  広島経済大学 のデータを取得中...
  熊本学園大学 のデータを取得中...
  日本大学 のデータを取得中...
  山梨学院大学 のデータを取得中...
  金沢大学 のデータを取得中...
  三重大学 のデータを取得中...
  四国大学 のデータを取得中...
  鹿児島大学 のデータを取得中...
  琉球大学 のデータを取得中...

--- 速報生成完了 ---
7月25日　3日目　 速報（18:15現在）

　 　 　 　 　 　 　　 　 　　本日　.　.　.　.　.総合
　大学名　.　.　走者　.　距離 . 順位　.　距離　. 　順位　. 次走者　.　被交代選手　
福島大学＿＿.　1梁川＿＿＿＿　38.9　.　01　.　116.9　.　01(01)　2石川
学連選抜＿＿.　1美幌＿＿＿＿　36.3　.　07　.　112.8　.　02(02)　2新潟
上武大学＿＿.　1佐野＿＿＿＿　37.3　.　03　.　112.5　.　03(04)　2越谷
福岡大学＿＿.　1久留米＿＿　37.7　.　02　.　112.3　.　04(06)　2福岡
立命館大学.　1東近江＿＿　36.0　.　12　.　112.3　.　04(03)　2福知山
東北大学＿＿.　1帯広＿＿＿＿　36.1　.　10　.　111.3　.　06(04)　2山形
関西大学＿＿.　1福崎＿＿＿＿　36.5　.　06　.　110.9　.　07(07)　2和田山
鳥取大学＿＿.　1川本＿＿＿＿　36.9　.　04　.　110.3　.　08(08)　2鳥取
名古屋大学.　1美濃加茂　35.7　.　14　.　109.0　.　09(09)　2美濃
熊本学園大学.　1甲佐＿＿＿＿　36.2　.　09　.　108.8　.　10(11)　2岱明
---------------------------------------------------　
山梨学院大学.　1長野＿＿＿＿　36.8　.　05　.　108.5　.　11(13)　2南信濃
広島経済大学.　1三次＿＿＿＿　35.3　.　15　.　108.1　.　12(10)　2加計
金沢大学＿＿.　1秋ヶ島＿＿　36.3　.　07　.　108.0　.　13(13)　2伏木
日本大学＿＿.　1大子＿＿＿＿　36.0　.　12　.　107.8　.　14(12)　2古河
四国大学＿＿.　1穴吹＿＿＿＿　36.1　.　10　.　105.3　.　15(16)　2近永
三重大学＿＿.　1粥見＿＿＿＿　33.8　.　16　.　104.4　.　16(15)　2五條
鹿児島大学.　1東市来＿＿　30.7　.　18　.　098.4　.　17(17)　2川内
琉球大学＿＿.　1北原＿＿＿＿　31.4　.　17　.　093.8　.　18(18)　2仲筋

--- [速報モード] 速報データを realtime_report.json と individual_results.json に保存しました ---
速報ファイル (realtime_report.json, individual_results.json) に変更を検出しました。GitHubにプッシュします。
[main e2ae44f] Update realtime report [bot] 2025-07-25 18:15:05
 1 file changed, 1 insertion(+), 1 deletion(-)
--- 2025-07-25 18:25:00 ---
リアルタイム速報の更新を開始します...
generate_report.py を実行中...
速報を生成中... 全チームの気温データを取得しています。
  福島大学 のデータを取得中...
  学連選抜 のデータを取得中...
  立命館大学 のデータを取得中...
  上武大学 のデータを取得中...
  東北大学 のデータを取得中...
  福岡大学 のデータを取得中...
  関西大学 のデータを取得中...
  鳥取大学 のデータを取得中...
  名古屋大学 のデータを取得中...
  広島経済大学 のデータを取得中...
  熊本学園大学 のデータを取得中...
  日本大学 のデータを取得中...
  山梨学院大学 のデータを取得中...
  金沢大学 のデータを取得中...
  三重大学 のデータを取得中...
  四国大学 のデータを取得中...
  鹿児島大学 のデータを取得中...
  琉球大学 のデータを取得中...

--- 速報生成完了 ---
7月25日　3日目　 速報（18:25現在）

　 　 　 　 　 　 　　 　 　　本日　.　.　.　.　.総合
　大学名　.　.　走者　.　距離 . 順位　.　距離　. 　順位　. 次走者　.　被交代選手　
福島大学＿＿.　1梁川＿＿＿＿　38.9　.　01　.　116.9　.　01(01)　2石川
学連選抜＿＿.　1美幌＿＿＿＿　36.3　.　07　.　112.8　.　02(02)　2新潟
上武大学＿＿.　1佐野＿＿＿＿　37.3　.　03　.　112.5　.　03(04)　2越谷
福岡大学＿＿.　1久留米＿＿　37.7　.　02　.　112.3　.　04(06)　2福岡
立命館大学.　1東近江＿＿　36.0　.　12　.　112.3　.　04(03)　2福知山
東北大学＿＿.　1帯広＿＿＿＿　36.1　.　10　.　111.3　.　06(04)　2山形
関西大学＿＿.　1福崎＿＿＿＿　36.5　.　06　.　110.9　.　07(07)　2和田山
鳥取大学＿＿.　1川本＿＿＿＿　36.9　.　04　.　110.3　.　08(08)　2鳥取
名古屋大学.　1美濃加茂　35.7　.　14　.　109.0　.　09(09)　2美濃
熊本学園大学.　1甲佐＿＿＿＿　36.2　.　09　.　108.8　.　10(11)　2岱明
---------------------------------------------------　
山梨学院大学.　1長野＿＿＿＿　36.8　.　05　.　108.5　.　11(13)　2南信濃
広島経済大学.　1三次＿＿＿＿　35.3　.　15　.　108.1　.　12(10)　2加計
金沢大学＿＿.　1秋ヶ島＿＿　36.3　.　07　.　108.0　.　13(13)　2伏木
日本大学＿＿.　1大子＿＿＿＿　36.0　.　12　.　107.8　.　14(12)　2古河
四国大学＿＿.　1穴吹＿＿＿＿　36.1　.　10　.　105.3　.　15(16)　2近永
三重大学＿＿.　1粥見＿＿＿＿　33.8　.　16　.　104.4　.　16(15)　2五條
鹿児島大学.　1東市来＿＿　30.7　.　18　.　098.4　.　17(17)　2川内
琉球大学＿＿.　1北原＿＿＿＿　31.4　.　17　.　093.8　.　18(18)　2仲筋

--- [速報モード] 速報データを realtime_report.json と individual_results.json に保存しました ---
速報ファイル (realtime_report.json, individual_results.json) に変更を検出しました。GitHubにプッシュします。
[main 29dc9cf] Update realtime report [bot] 2025-07-25 18:25:04
 1 file changed, 1 insertion(+), 1 deletion(-)
--- 2025-07-25 18:35:00 ---
リアルタイム速報の更新を開始します...
generate_report.py を実行中...
速報を生成中... 全チームの気温データを取得しています。
  福島大学 のデータを取得中...
  学連選抜 のデータを取得中...
  立命館大学 のデータを取得中...
  上武大学 のデータを取得中...
  東北大学 のデータを取得中...
  福岡大学 のデータを取得中...
  関西大学 のデータを取得中...
  鳥取大学 のデータを取得中...
  名古屋大学 のデータを取得中...
  広島経済大学 のデータを取得中...
  熊本学園大学 のデータを取得中...
  日本大学 のデータを取得中...
  山梨学院大学 のデータを取得中...
  金沢大学 のデータを取得中...
  三重大学 のデータを取得中...
  四国大学 のデータを取得中...
  鹿児島大学 のデータを取得中...
  琉球大学 のデータを取得中...

--- 速報生成完了 ---
7月25日　3日目　 速報（18:35現在）

　 　 　 　 　 　 　　 　 　　本日　.　.　.　.　.総合
　大学名　.　.　走者　.　距離 . 順位　.　距離　. 　順位　. 次走者　.　被交代選手　
福島大学＿＿.　1梁川＿＿＿＿　38.9　.　01　.　116.9　.　01(01)　2石川
学連選抜＿＿.　1美幌＿＿＿＿　36.3　.　07　.　112.8　.　02(02)　2新潟
上武大学＿＿.　1佐野＿＿＿＿　37.3　.　03　.　112.5　.　03(04)　2越谷
福岡大学＿＿.　1久留米＿＿　37.7　.　02　.　112.3　.　04(06)　2福岡
立命館大学.　1東近江＿＿　36.0　.　12　.　112.3　.　04(03)　2福知山
東北大学＿＿.　1帯広＿＿＿＿　36.1　.　10　.　111.3　.　06(04)　2山形
関西大学＿＿.　1福崎＿＿＿＿　36.5　.　06　.　110.9　.　07(07)　2和田山
鳥取大学＿＿.　1川本＿＿＿＿　36.9　.　04　.　110.3　.　08(08)　2鳥取
名古屋大学.　1美濃加茂　35.7　.　14　.　109.0　.　09(09)　2美濃
熊本学園大学.　1甲佐＿＿＿＿　36.2　.　09　.　108.8　.　10(11)　2岱明
---------------------------------------------------　
山梨学院大学.　1長野＿＿＿＿　36.8　.　05　.　108.5　.　11(13)　2南信濃
広島経済大学.　1三次＿＿＿＿　35.3　.　15　.　108.1　.　12(10)　2加計
金沢大学＿＿.　1秋ヶ島＿＿　36.3　.　07　.　108.0　.　13(13)　2伏木
日本大学＿＿.　1大子＿＿＿＿　36.0　.　12　.　107.8　.　14(12)　2古河
四国大学＿＿.　1穴吹＿＿＿＿　36.1　.　10　.　105.3　.　15(16)　2近永
三重大学＿＿.　1粥見＿＿＿＿　33.8　.　16　.　104.4　.　16(15)　2五條
鹿児島大学.　1東市来＿＿　30.7　.　18　.　098.4　.　17(17)　2川内
琉球大学＿＿.　1北原＿＿＿＿　31.4　.　17　.　093.8　.　18(18)　2仲筋

--- [速報モード] 速報データを realtime_report.json と individual_results.json に保存しました ---
速報ファイル (realtime_report.json, individual_results.json) に変更を検出しました。GitHubにプッシュします。
[main 0710426] Update realtime report [bot] 2025-07-25 18:35:05
 1 file changed, 1 insertion(+), 1 deletion(-)
--- 2025-07-25 18:45:00 ---
リアルタイム速報の更新を開始します...
generate_report.py を実行中...
速報を生成中... 全チームの気温データを取得しています。
  福島大学 のデータを取得中...
  学連選抜 のデータを取得中...
  立命館大学 のデータを取得中...
  上武大学 のデータを取得中...
  東北大学 のデータを取得中...
  福岡大学 のデータを取得中...
  関西大学 のデータを取得中...
  鳥取大学 のデータを取得中...
  名古屋大学 のデータを取得中...
  広島経済大学 のデータを取得中...
  熊本学園大学 のデータを取得中...
  日本大学 のデータを取得中...
  山梨学院大学 のデータを取得中...
  金沢大学 のデータを取得中...
  三重大学 のデータを取得中...
  四国大学 のデータを取得中...
  鹿児島大学 のデータを取得中...
  琉球大学 のデータを取得中...

--- 速報生成完了 ---
7月25日　3日目　 速報（18:45現在）

　 　 　 　 　 　 　　 　 　　本日　.　.　.　.　.総合
　大学名　.　.　走者　.　距離 . 順位　.　距離　. 　順位　. 次走者　.　被交代選手　
福島大学＿＿.　1梁川＿＿＿＿　38.9　.　01　.　116.9　.　01(01)　2石川
学連選抜＿＿.　1美幌＿＿＿＿　36.3　.　07　.　112.8　.　02(02)　2新潟
上武大学＿＿.　1佐野＿＿＿＿　37.3　.　03　.　112.5　.　03(04)　2越谷
福岡大学＿＿.　1久留米＿＿　37.7　.　02　.　112.3　.　04(06)　2福岡
立命館大学.　1東近江＿＿　36.0　.　12　.　112.3　.　04(03)　2福知山
東北大学＿＿.　1帯広＿＿＿＿　36.1　.　10　.　111.3　.　06(04)　2山形
関西大学＿＿.　1福崎＿＿＿＿　36.5　.　06　.　110.9　.　07(07)　2和田山
鳥取大学＿＿.　1川本＿＿＿＿　36.9　.　04　.　110.3　.　08(08)　2鳥取
名古屋大学.　1美濃加茂　35.7　.　14　.　109.0　.　09(09)　2美濃
熊本学園大学.　1甲佐＿＿＿＿　36.2　.　09　.　108.8　.　10(11)　2岱明
---------------------------------------------------　
山梨学院大学.　1長野＿＿＿＿　36.8　.　05　.　108.5　.　11(13)　2南信濃
広島経済大学.　1三次＿＿＿＿　35.3　.　15　.　108.1　.　12(10)　2加計
金沢大学＿＿.　1秋ヶ島＿＿　36.3　.　07　.　108.0　.　13(13)　2伏木
日本大学＿＿.　1大子＿＿＿＿　36.0　.　12　.　107.8　.　14(12)　2古河
四国大学＿＿.　1穴吹＿＿＿＿　36.1　.　10　.　105.3　.　15(16)　2近永
三重大学＿＿.　1粥見＿＿＿＿　33.8　.　16　.　104.4　.　16(15)　2五條
鹿児島大学.　1東市来＿＿　30.7　.　18　.　098.4　.　17(17)　2川内
琉球大学＿＿.　1北原＿＿＿＿　31.4　.　17　.　093.8　.　18(18)　2仲筋

--- [速報モード] 速報データを realtime_report.json と individual_results.json に保存しました ---
速報ファイル (realtime_report.json, individual_results.json) に変更を検出しました。GitHubにプッシュします。
[main 4e8951b] Update realtime report [bot] 2025-07-25 18:45:05
 1 file changed, 1 insertion(+), 1 deletion(-)
--- 2025-07-25 18:55:00 ---
リアルタイム速報の更新を開始します...
generate_report.py を実行中...
速報を生成中... 全チームの気温データを取得しています。
  福島大学 のデータを取得中...
  学連選抜 のデータを取得中...
  立命館大学 のデータを取得中...
  上武大学 のデータを取得中...
  東北大学 のデータを取得中...
  福岡大学 のデータを取得中...
  関西大学 のデータを取得中...
  鳥取大学 のデータを取得中...
  名古屋大学 のデータを取得中...
  広島経済大学 のデータを取得中...
  熊本学園大学 のデータを取得中...
  日本大学 のデータを取得中...
  山梨学院大学 のデータを取得中...
  金沢大学 のデータを取得中...
  三重大学 のデータを取得中...
  四国大学 のデータを取得中...
  鹿児島大学 のデータを取得中...
  琉球大学 のデータを取得中...

--- 速報生成完了 ---
7月25日　3日目　 速報（18:55現在）

　 　 　 　 　 　 　　 　 　　本日　.　.　.　.　.総合
　大学名　.　.　走者　.　距離 . 順位　.　距離　. 　順位　. 次走者　.　被交代選手　
福島大学＿＿.　1梁川＿＿＿＿　38.9　.　01　.　116.9　.　01(01)　2石川
学連選抜＿＿.　1美幌＿＿＿＿　36.3　.　07　.　112.8　.　02(02)　2新潟
上武大学＿＿.　1佐野＿＿＿＿　37.3　.　03　.　112.5　.　03(04)　2越谷
福岡大学＿＿.　1久留米＿＿　37.7　.　02　.　112.3　.　04(06)　2福岡
立命館大学.　1東近江＿＿　36.0　.　12　.　112.3　.　04(03)　2福知山
東北大学＿＿.　1帯広＿＿＿＿　36.1　.　10　.　111.3　.　06(04)　2山形
関西大学＿＿.　1福崎＿＿＿＿　36.5　.　06　.　110.9　.　07(07)　2和田山
鳥取大学＿＿.　1川本＿＿＿＿　36.9　.　04　.　110.3　.　08(08)　2鳥取
名古屋大学.　1美濃加茂　35.7　.　14　.　109.0　.　09(09)　2美濃
熊本学園大学.　1甲佐＿＿＿＿　36.2　.　09　.　108.8　.　10(11)　2岱明
---------------------------------------------------　
山梨学院大学.　1長野＿＿＿＿　36.8　.　05　.　108.5　.　11(13)　2南信濃
広島経済大学.　1三次＿＿＿＿　35.3　.　15　.　108.1　.　12(10)　2加計
金沢大学＿＿.　1秋ヶ島＿＿　36.3　.　07　.　108.0　.　13(13)　2伏木
日本大学＿＿.　1大子＿＿＿＿　36.0　.　12　.　107.8　.　14(12)　2古河
四国大学＿＿.　1穴吹＿＿＿＿　36.1　.　10　.　105.3　.　15(16)　2近永
三重大学＿＿.　1粥見＿＿＿＿　33.8　.　16　.　104.4　.　16(15)　2五條
鹿児島大学.　1東市来＿＿　30.7　.　18　.　098.4　.　17(17)　2川内
琉球大学＿＿.　1北原＿＿＿＿　31.4　.　17　.　093.8　.　18(18)　2仲筋

--- [速報モード] 速報データを realtime_report.json と individual_results.json に保存しました ---
速報ファイル (realtime_report.json, individual_results.json) に変更を検出しました。GitHubにプッシュします。
[main 49ba88a] Update realtime report [bot] 2025-07-25 18:55:05
 1 file changed, 1 insertion(+), 1 deletion(-)
--- 2025-07-25 19:05:00 ---
リアルタイム速報の更新を開始します...
generate_report.py を実行中...
速報を生成中... 全チームの気温データを取得しています。
  福島大学 のデータを取得中...
  学連選抜 のデータを取得中...
  立命館大学 のデータを取得中...
  上武大学 のデータを取得中...
  東北大学 のデータを取得中...
  福岡大学 のデータを取得中...
  関西大学 のデータを取得中...
  鳥取大学 のデータを取得中...
  名古屋大学 のデータを取得中...
  広島経済大学 のデータを取得中...
  熊本学園大学 のデータを取得中...
  日本大学 のデータを取得中...
  山梨学院大学 のデータを取得中...
  金沢大学 のデータを取得中...
  三重大学 のデータを取得中...
  四国大学 のデータを取得中...
  鹿児島大学 のデータを取得中...
  琉球大学 のデータを取得中...

--- 速報生成完了 ---
7月25日　3日目　 速報（19:05現在）

　 　 　 　 　 　 　　 　 　　本日　.　.　.　.　.総合
　大学名　.　.　走者　.　距離 . 順位　.　距離　. 　順位　. 次走者　.　被交代選手　
福島大学＿＿.　1梁川＿＿＿＿　38.9　.　01　.　116.9　.　01(01)　2石川
学連選抜＿＿.　1美幌＿＿＿＿　36.3　.　07　.　112.8　.　02(02)　2新潟
上武大学＿＿.　1佐野＿＿＿＿　37.3　.　03　.　112.5　.　03(04)　2越谷
福岡大学＿＿.　1久留米＿＿　37.7　.　02　.　112.3　.　04(06)　2福岡
立命館大学.　1東近江＿＿　36.0　.　12　.　112.3　.　04(03)　2福知山
東北大学＿＿.　1帯広＿＿＿＿　36.1　.　10　.　111.3　.　06(04)　2山形
関西大学＿＿.　1福崎＿＿＿＿　36.5　.　06　.　110.9　.　07(07)　2和田山
鳥取大学＿＿.　1川本＿＿＿＿　36.9　.　04　.　110.3　.　08(08)　2鳥取
名古屋大学.　1美濃加茂　35.7　.　14　.　109.0　.　09(09)　2美濃
熊本学園大学.　1甲佐＿＿＿＿　36.2　.　09　.　108.8　.　10(11)　2岱明
---------------------------------------------------　
山梨学院大学.　1長野＿＿＿＿　36.8　.　05　.　108.5　.　11(13)　2南信濃
広島経済大学.　1三次＿＿＿＿　35.3　.　15　.　108.1　.　12(10)　2加計
金沢大学＿＿.　1秋ヶ島＿＿　36.3　.　07　.　108.0　.　13(13)　2伏木
日本大学＿＿.　1大子＿＿＿＿　36.0　.　12　.　107.8　.　14(12)　2古河
四国大学＿＿.　1穴吹＿＿＿＿　36.1　.　10　.　105.3　.　15(16)　2近永
三重大学＿＿.　1粥見＿＿＿＿　33.8　.　16　.　104.4　.　16(15)　2五條
鹿児島大学.　1東市来＿＿　30.7　.　18　.　098.4　.　17(17)　2川内
琉球大学＿＿.　1北原＿＿＿＿　31.4　.　17　.　093.8　.　18(18)　2仲筋

--- [速報モード] 速報データを realtime_report.json と individual_results.json に保存しました ---
速報ファイル (realtime_report.json, individual_results.json) に変更を検出しました。GitHubにプッシュします。
[main d5d70cf] Update realtime report [bot] 2025-07-25 19:05:04
 1 file changed, 1 insertion(+), 1 deletion(-)
--- 2025-07-25 19:15:00 ---
リアルタイム速報の更新を開始します...
generate_report.py を実行中...
速報を生成中... 全チームの気温データを取得しています。
  福島大学 のデータを取得中...
  学連選抜 のデータを取得中...
  立命館大学 のデータを取得中...
  上武大学 のデータを取得中...
  東北大学 のデータを取得中...
  福岡大学 のデータを取得中...
  関西大学 のデータを取得中...
  鳥取大学 のデータを取得中...
  名古屋大学 のデータを取得中...
  広島経済大学 のデータを取得中...
  熊本学園大学 のデータを取得中...
  日本大学 のデータを取得中...
  山梨学院大学 のデータを取得中...
  金沢大学 のデータを取得中...
  三重大学 のデータを取得中...
  四国大学 のデータを取得中...
  鹿児島大学 のデータを取得中...
  琉球大学 のデータを取得中...

--- 速報生成完了 ---
7月25日　3日目　 速報（19:15現在）

　 　 　 　 　 　 　　 　 　　本日　.　.　.　.　.総合
　大学名　.　.　走者　.　距離 . 順位　.　距離　. 　順位　. 次走者　.　被交代選手　
福島大学＿＿.　1梁川＿＿＿＿　38.9　.　01　.　116.9　.　01(01)　2石川
学連選抜＿＿.　1美幌＿＿＿＿　36.3　.　07　.　112.8　.　02(02)　2新潟
上武大学＿＿.　1佐野＿＿＿＿　37.3　.　03　.　112.5　.　03(04)　2越谷
福岡大学＿＿.　1久留米＿＿　37.7　.　02　.　112.3　.　04(06)　2福岡
立命館大学.　1東近江＿＿　36.0　.　12　.　112.3　.　04(03)　2福知山
東北大学＿＿.　1帯広＿＿＿＿　36.1　.　10　.　111.3　.　06(04)　2山形
関西大学＿＿.　1福崎＿＿＿＿　36.5　.　06　.　110.9　.　07(07)　2和田山
鳥取大学＿＿.　1川本＿＿＿＿　36.9　.　04　.　110.3　.　08(08)　2鳥取
名古屋大学.　1美濃加茂　35.7　.　14　.　109.0　.　09(09)　2美濃
熊本学園大学.　1甲佐＿＿＿＿　36.2　.　09　.　108.8　.　10(11)　2岱明
---------------------------------------------------　
山梨学院大学.　1長野＿＿＿＿　36.8　.　05　.　108.5　.　11(13)　2南信濃
広島経済大学.　1三次＿＿＿＿　35.3　.　15　.　108.1　.　12(10)　2加計
金沢大学＿＿.　1秋ヶ島＿＿　36.3　.　07　.　108.0　.　13(13)　2伏木
日本大学＿＿.　1大子＿＿＿＿　36.0　.　12　.　107.8　.　14(12)　2古河
四国大学＿＿.　1穴吹＿＿＿＿　36.1　.　10　.　105.3　.　15(16)　2近永
三重大学＿＿.　1粥見＿＿＿＿　33.8　.　16　.　104.4　.　16(15)　2五條
鹿児島大学.　1東市来＿＿　30.7　.　18　.　098.4　.　17(17)　2川内
琉球大学＿＿.　1北原＿＿＿＿　31.4　.　17　.　093.8　.　18(18)　2仲筋

--- [速報モード] 速報データを realtime_report.json と individual_results.json に保存しました ---
速報ファイル (realtime_report.json, individual_results.json) に変更を検出しました。GitHubにプッシュします。
[main 8c8f327] Update realtime report [bot] 2025-07-25 19:15:05
 1 file changed, 1 insertion(+), 1 deletion(-)
--- 2025-07-25 19:25:00 ---
リアルタイム速報の更新を開始します...
generate_report.py を実行中...
速報を生成中... 全チームの気温データを取得しています。
  福島大学 のデータを取得中...
  学連選抜 のデータを取得中...
  立命館大学 のデータを取得中...
  上武大学 のデータを取得中...
  東北大学 のデータを取得中...
  福岡大学 のデータを取得中...
  関西大学 のデータを取得中...
  鳥取大学 のデータを取得中...
  名古屋大学 のデータを取得中...
  広島経済大学 のデータを取得中...
  熊本学園大学 のデータを取得中...
  日本大学 のデータを取得中...
  山梨学院大学 のデータを取得中...
  金沢大学 のデータを取得中...
  三重大学 のデータを取得中...
  四国大学 のデータを取得中...
  鹿児島大学 のデータを取得中...
  琉球大学 のデータを取得中...

--- 速報生成完了 ---
7月25日　3日目　 速報（19:25現在）

　 　 　 　 　 　 　　 　 　　本日　.　.　.　.　.総合
　大学名　.　.　走者　.　距離 . 順位　.　距離　. 　順位　. 次走者　.　被交代選手　
福島大学＿＿.　1梁川＿＿＿＿　38.9　.　01　.　116.9　.　01(01)　2石川
学連選抜＿＿.　1美幌＿＿＿＿　36.3　.　07　.　112.8　.　02(02)　2新潟
上武大学＿＿.　1佐野＿＿＿＿　37.3　.　03　.　112.5　.　03(04)　2越谷
福岡大学＿＿.　1久留米＿＿　37.7　.　02　.　112.3　.　04(06)　2福岡
立命館大学.　1東近江＿＿　36.0　.　12　.　112.3　.　04(03)　2福知山
東北大学＿＿.　1帯広＿＿＿＿　36.1　.　10　.　111.3　.　06(04)　2山形
関西大学＿＿.　1福崎＿＿＿＿　36.5　.　06　.　110.9　.　07(07)　2和田山
鳥取大学＿＿.　1川本＿＿＿＿　36.9　.　04　.　110.3　.　08(08)　2鳥取
名古屋大学.　1美濃加茂　35.7　.　14　.　109.0　.　09(09)　2美濃
熊本学園大学.　1甲佐＿＿＿＿　36.2　.　09　.　108.8　.　10(11)　2岱明
---------------------------------------------------　
山梨学院大学.　1長野＿＿＿＿　36.8　.　05　.　108.5　.　11(13)　2南信濃
広島経済大学.　1三次＿＿＿＿　35.3　.　15　.　108.1　.　12(10)　2加計
金沢大学＿＿.　1秋ヶ島＿＿　36.3　.　07　.　108.0　.　13(13)　2伏木
日本大学＿＿.　1大子＿＿＿＿　36.0　.　12　.　107.8　.　14(12)　2古河
四国大学＿＿.　1穴吹＿＿＿＿　36.1　.　10　.　105.3　.　15(16)　2近永
三重大学＿＿.　1粥見＿＿＿＿　33.8　.　16　.　104.4　.　16(15)　2五條
鹿児島大学.　1東市来＿＿　30.7　.　18　.　098.4　.　17(17)　2川内
琉球大学＿＿.　1北原＿＿＿＿　31.4　.　17　.　093.8　.　18(18)　2仲筋

--- [速報モード] 速報データを realtime_report.json と individual_results.json に保存しました ---
速報ファイル (realtime_report.json, individual_results.json) に変更を検出しました。GitHubにプッシュします。
[main 33137a7] Update realtime report [bot] 2025-07-25 19:25:05
 1 file changed, 1 insertion(+), 1 deletion(-)
--- 2025-07-25 19:35:00 ---
リアルタイム速報の更新を開始します...
generate_report.py を実行中...
速報を生成中... 全チームの気温データを取得しています。
  福島大学 のデータを取得中...
  学連選抜 のデータを取得中...
  立命館大学 のデータを取得中...
  上武大学 のデータを取得中...
  東北大学 のデータを取得中...
  福岡大学 のデータを取得中...
  関西大学 のデータを取得中...
  鳥取大学 のデータを取得中...
  名古屋大学 のデータを取得中...
  広島経済大学 のデータを取得中...
  熊本学園大学 のデータを取得中...
  日本大学 のデータを取得中...
  山梨学院大学 のデータを取得中...
  金沢大学 のデータを取得中...
  三重大学 のデータを取得中...
  四国大学 のデータを取得中...
  鹿児島大学 のデータを取得中...
  琉球大学 のデータを取得中...

--- 速報生成完了 ---
7月25日　3日目　 速報（19:35現在）

　 　 　 　 　 　 　　 　 　　本日　.　.　.　.　.総合
　大学名　.　.　走者　.　距離 . 順位　.　距離　. 　順位　. 次走者　.　被交代選手　
福島大学＿＿.　1梁川＿＿＿＿　38.9　.　01　.　116.9　.　01(01)　2石川
学連選抜＿＿.　1美幌＿＿＿＿　36.3　.　07　.　112.8　.　02(02)　2新潟
上武大学＿＿.　1佐野＿＿＿＿　37.3　.　03　.　112.5　.　03(04)　2越谷
福岡大学＿＿.　1久留米＿＿　37.7　.　02　.　112.3　.　04(06)　2福岡
立命館大学.　1東近江＿＿　36.0　.　12　.　112.3　.　04(03)　2福知山
東北大学＿＿.　1帯広＿＿＿＿　36.1　.　10　.　111.3　.　06(04)　2山形
関西大学＿＿.　1福崎＿＿＿＿　36.5　.　06　.　110.9　.　07(07)　2和田山
鳥取大学＿＿.　1川本＿＿＿＿　36.9　.　04　.　110.3　.　08(08)　2鳥取
名古屋大学.　1美濃加茂　35.7　.　14　.　109.0　.　09(09)　2美濃
熊本学園大学.　1甲佐＿＿＿＿　36.2　.　09　.　108.8　.　10(11)　2岱明
---------------------------------------------------　
山梨学院大学.　1長野＿＿＿＿　36.8　.　05　.　108.5　.　11(13)　2南信濃
広島経済大学.　1三次＿＿＿＿　35.3　.　15　.　108.1　.　12(10)　2加計
金沢大学＿＿.　1秋ヶ島＿＿　36.3　.　07　.　108.0　.　13(13)　2伏木
日本大学＿＿.　1大子＿＿＿＿　36.0　.　12　.　107.8　.　14(12)　2古河
四国大学＿＿.　1穴吹＿＿＿＿　36.1　.　10　.　105.3　.　15(16)　2近永
三重大学＿＿.　1粥見＿＿＿＿　33.8　.　16　.　104.4　.　16(15)　2五條
鹿児島大学.　1東市来＿＿　30.7　.　18　.　098.4　.　17(17)　2川内
琉球大学＿＿.　1北原＿＿＿＿　31.4　.　17　.　093.8　.　18(18)　2仲筋

--- [速報モード] 速報データを realtime_report.json と individual_results.json に保存しました ---
速報ファイル (realtime_report.json, individual_results.json) に変更を検出しました。GitHubにプッシュします。
[main 739c991] Update realtime report [bot] 2025-07-25 19:35:03
 1 file changed, 1 insertion(+), 1 deletion(-)
--- 2025-07-25 19:45:00 ---
リアルタイム速報の更新を開始します...
generate_report.py を実行中...
速報を生成中... 全チームの気温データを取得しています。
  福島大学 のデータを取得中...
  学連選抜 のデータを取得中...
  立命館大学 のデータを取得中...
  上武大学 のデータを取得中...
  東北大学 のデータを取得中...
  福岡大学 のデータを取得中...
  関西大学 のデータを取得中...
  鳥取大学 のデータを取得中...
  名古屋大学 のデータを取得中...
  広島経済大学 のデータを取得中...
  熊本学園大学 のデータを取得中...
  日本大学 のデータを取得中...
  山梨学院大学 のデータを取得中...
  金沢大学 のデータを取得中...
  三重大学 のデータを取得中...
  四国大学 のデータを取得中...
  鹿児島大学 のデータを取得中...
  琉球大学 のデータを取得中...

--- 速報生成完了 ---
7月25日　3日目　 速報（19:45現在）

　 　 　 　 　 　 　　 　 　　本日　.　.　.　.　.総合
　大学名　.　.　走者　.　距離 . 順位　.　距離　. 　順位　. 次走者　.　被交代選手　
福島大学＿＿.　1梁川＿＿＿＿　38.9　.　01　.　116.9　.　01(01)　2石川
学連選抜＿＿.　1美幌＿＿＿＿　36.3　.　07　.　112.8　.　02(02)　2新潟
上武大学＿＿.　1佐野＿＿＿＿　37.3　.　03　.　112.5　.　03(04)　2越谷
福岡大学＿＿.　1久留米＿＿　37.7　.　02　.　112.3　.　04(06)　2福岡
立命館大学.　1東近江＿＿　36.0　.　12　.　112.3　.　04(03)　2福知山
東北大学＿＿.　1帯広＿＿＿＿　36.1　.　10　.　111.3　.　06(04)　2山形
関西大学＿＿.　1福崎＿＿＿＿　36.5　.　06　.　110.9　.　07(07)　2和田山
鳥取大学＿＿.　1川本＿＿＿＿　36.9　.　04　.　110.3　.　08(08)　2鳥取
名古屋大学.　1美濃加茂　35.7　.　14　.　109.0　.　09(09)　2美濃
熊本学園大学.　1甲佐＿＿＿＿　36.2　.　09　.　108.8　.　10(11)　2岱明
---------------------------------------------------　
山梨学院大学.　1長野＿＿＿＿　36.8　.　05　.　108.5　.　11(13)　2南信濃
広島経済大学.　1三次＿＿＿＿　35.3　.　15　.　108.1　.　12(10)　2加計
金沢大学＿＿.　1秋ヶ島＿＿　36.3　.　07　.　108.0　.　13(13)　2伏木
日本大学＿＿.　1大子＿＿＿＿　36.0　.　12　.　107.8　.　14(12)　2古河
四国大学＿＿.　1穴吹＿＿＿＿　36.1　.　10　.　105.3　.　15(16)　2近永
三重大学＿＿.　1粥見＿＿＿＿　33.8　.　16　.　104.4　.　16(15)　2五條
鹿児島大学.　1東市来＿＿　30.7　.　18　.　098.4　.　17(17)　2川内
琉球大学＿＿.　1北原＿＿＿＿　31.4　.　17　.　093.8　.　18(18)　2仲筋

--- [速報モード] 速報データを realtime_report.json と individual_results.json に保存しました ---
速報ファイル (realtime_report.json, individual_results.json) に変更を検出しました。GitHubにプッシュします。
[main 6098caa] Update realtime report [bot] 2025-07-25 19:45:05
 1 file changed, 1 insertion(+), 1 deletion(-)
--- 2025-07-25 19:55:00 ---
リアルタイム速報の更新を開始します...
generate_report.py を実行中...
速報を生成中... 全チームの気温データを取得しています。
  福島大学 のデータを取得中...
  学連選抜 のデータを取得中...
  立命館大学 のデータを取得中...
  上武大学 のデータを取得中...
  東北大学 のデータを取得中...
  福岡大学 のデータを取得中...
  関西大学 のデータを取得中...
  鳥取大学 のデータを取得中...
  名古屋大学 のデータを取得中...
  広島経済大学 のデータを取得中...
  熊本学園大学 のデータを取得中...
  日本大学 のデータを取得中...
  山梨学院大学 のデータを取得中...
  金沢大学 のデータを取得中...
  三重大学 のデータを取得中...
  四国大学 のデータを取得中...
  鹿児島大学 のデータを取得中...
  琉球大学 のデータを取得中...

--- 速報生成完了 ---
7月25日　3日目　 速報（19:55現在）

　 　 　 　 　 　 　　 　 　　本日　.　.　.　.　.総合
　大学名　.　.　走者　.　距離 . 順位　.　距離　. 　順位　. 次走者　.　被交代選手　
福島大学＿＿.　1梁川＿＿＿＿　38.9　.　01　.　116.9　.　01(01)　2石川
学連選抜＿＿.　1美幌＿＿＿＿　36.3　.　07　.　112.8　.　02(02)　2新潟
上武大学＿＿.　1佐野＿＿＿＿　37.3　.　03　.　112.5　.　03(04)　2越谷
福岡大学＿＿.　1久留米＿＿　37.7　.　02　.　112.3　.　04(06)　2福岡
立命館大学.　1東近江＿＿　36.0　.　12　.　112.3　.　04(03)　2福知山
東北大学＿＿.　1帯広＿＿＿＿　36.1　.　10　.　111.3　.　06(04)　2山形
関西大学＿＿.　1福崎＿＿＿＿　36.5　.　06　.　110.9　.　07(07)　2和田山
鳥取大学＿＿.　1川本＿＿＿＿　36.9　.　04　.　110.3　.　08(08)　2鳥取
名古屋大学.　1美濃加茂　35.7　.　14　.　109.0　.　09(09)　2美濃
熊本学園大学.　1甲佐＿＿＿＿　36.2　.　09　.　108.8　.　10(11)　2岱明
---------------------------------------------------　
山梨学院大学.　1長野＿＿＿＿　36.8　.　05　.　108.5　.　11(13)　2南信濃
広島経済大学.　1三次＿＿＿＿　35.3　.　15　.　108.1　.　12(10)　2加計
金沢大学＿＿.　1秋ヶ島＿＿　36.3　.　07　.　108.0　.　13(13)　2伏木
日本大学＿＿.　1大子＿＿＿＿　36.0　.　12　.　107.8　.　14(12)　2古河
四国大学＿＿.　1穴吹＿＿＿＿　36.1　.　10　.　105.3　.　15(16)　2近永
三重大学＿＿.　1粥見＿＿＿＿　33.8　.　16　.　104.4　.　16(15)　2五條
鹿児島大学.　1東市来＿＿　30.7　.　18　.　098.4　.　17(17)　2川内
琉球大学＿＿.　1北原＿＿＿＿　31.4　.　17　.　093.8　.　18(18)　2仲筋

--- [速報モード] 速報データを realtime_report.json と individual_results.json に保存しました ---
速報ファイル (realtime_report.json, individual_results.json) に変更を検出しました。GitHubにプッシュします。
[main 1715852] Update realtime report [bot] 2025-07-25 19:55:05
 1 file changed, 1 insertion(+), 1 deletion(-)
--- 2025-07-25 20:05:00 ---
リアルタイム速報の更新を開始します...
generate_report.py を実行中...
速報を生成中... 全チームの気温データを取得しています。
  福島大学 のデータを取得中...
  学連選抜 のデータを取得中...
  立命館大学 のデータを取得中...
  上武大学 のデータを取得中...
  東北大学 のデータを取得中...
  福岡大学 のデータを取得中...
  関西大学 のデータを取得中...
  鳥取大学 のデータを取得中...
  名古屋大学 のデータを取得中...
  広島経済大学 のデータを取得中...
  熊本学園大学 のデータを取得中...
  日本大学 のデータを取得中...
  山梨学院大学 のデータを取得中...
  金沢大学 のデータを取得中...
  三重大学 のデータを取得中...
  四国大学 のデータを取得中...
  鹿児島大学 のデータを取得中...
  琉球大学 のデータを取得中...

--- 速報生成完了 ---
7月25日　3日目　 速報（20:05現在）

　 　 　 　 　 　 　　 　 　　本日　.　.　.　.　.総合
　大学名　.　.　走者　.　距離 . 順位　.　距離　. 　順位　. 次走者　.　被交代選手　
福島大学＿＿.　1梁川＿＿＿＿　38.9　.　01　.　116.9　.　01(01)　2石川
学連選抜＿＿.　1美幌＿＿＿＿　36.3　.　07　.　112.8　.　02(02)　2新潟
上武大学＿＿.　1佐野＿＿＿＿　37.3　.　03　.　112.5　.　03(04)　2越谷
福岡大学＿＿.　1久留米＿＿　37.7　.　02　.　112.3　.　04(06)　2福岡
立命館大学.　1東近江＿＿　36.0　.　12　.　112.3　.　04(03)　2福知山
東北大学＿＿.　1帯広＿＿＿＿　36.1　.　10　.　111.3　.　06(04)　2山形
関西大学＿＿.　1福崎＿＿＿＿　36.5　.　06　.　110.9　.　07(07)　2和田山
鳥取大学＿＿.　1川本＿＿＿＿　36.9　.　04　.　110.3　.　08(08)　2鳥取
名古屋大学.　1美濃加茂　35.7　.　14　.　109.0　.　09(09)　2美濃
熊本学園大学.　1甲佐＿＿＿＿　36.2　.　09　.　108.8　.　10(11)　2岱明
---------------------------------------------------　
山梨学院大学.　1長野＿＿＿＿　36.8　.　05　.　108.5　.　11(13)　2南信濃
広島経済大学.　1三次＿＿＿＿　35.3　.　15　.　108.1　.　12(10)　2加計
金沢大学＿＿.　1秋ヶ島＿＿　36.3　.　07　.　108.0　.　13(13)　2伏木
日本大学＿＿.　1大子＿＿＿＿　36.0　.　12　.　107.8　.　14(12)　2古河
四国大学＿＿.　1穴吹＿＿＿＿　36.1　.　10　.　105.3　.　15(16)　2近永
三重大学＿＿.　1粥見＿＿＿＿　33.8　.　16　.　104.4　.　16(15)　2五條
鹿児島大学.　1東市来＿＿　30.7　.　18　.　098.4　.　17(17)　2川内
琉球大学＿＿.　1北原＿＿＿＿　31.4　.　17　.　093.8　.　18(18)　2仲筋

--- [速報モード] 速報データを realtime_report.json と individual_results.json に保存しました ---
速報ファイル (realtime_report.json, individual_results.json) に変更を検出しました。GitHubにプッシュします。
[main a964622] Update realtime report [bot] 2025-07-25 20:05:05
 1 file changed, 1 insertion(+), 1 deletion(-)
