/bin/sh: /Users/t28k2/prj/weather/commit_daily.sh: Permission denied
--- 2025-07-26 23:56:00 ---
デイリーコミット処理を開始します...
generate_report.py --commit を実行中...
速報を生成中... 全チームの気温データを取得しています。
  福島大学 のデータを取得中...
  学連選抜 のデータを取得中...
  上武大学 のデータを取得中...
  福岡大学 のデータを取得中...
  立命館大学 のデータを取得中...
  東北大学 のデータを取得中...
  関西大学 のデータを取得中...
  鳥取大学 のデータを取得中...
  名古屋大学 のデータを取得中...
  熊本学園大学 のデータを取得中...
  山梨学院大学 のデータを取得中...
  広島経済大学 のデータを取得中...
  金沢大学 のデータを取得中...
  日本大学 のデータを取得中...
  四国大学 のデータを取得中...
  三重大学 のデータを取得中...
  鹿児島大学 のデータを取得中...
  琉球大学 のデータを取得中...

--- 速報生成完了 ---
7月26日　4日目　 速報（23:56現在）

　 　 　 　 　 　 　　 　 　　本日　.　.　.　.　.総合
　大学名　.　.　走者　.　距離 . 順位　.　距離　. 　順位　. 次走者　.　被交代選手　
福島大学＿＿.　2石川＿＿＿＿　38.4　.　02　.　155.3　.　01(01)　3高田
立命館大学.　2福知山＿＿　37.7　.　05　.　150.0　.　02(04)　3京田辺
上武大学＿＿.　2越谷＿＿＿＿　36.9　.　07　.　149.4　.　03(03)　3熊谷
東北大学＿＿.　2山形（山形）　37.5　.　06　.　148.8　.　04(06)　3高畠
福岡大学＿＿.　2福岡＿＿＿＿　36.4　.　09　.　148.7　.　05(04)　3黒木
学連選抜＿＿.　2新潟＿＿＿＿　35.4　.　14　.　148.2　.　06(02)　3大村
鳥取大学＿＿.　2鳥取＿＿＿＿　37.8　.　03　.　148.1　.　07(08)　3広瀬
関西大学＿＿.　2和田山＿＿　36.3　.　10　.　147.2　.　08(07)　3上郡
日本大学＿＿.　2古河＿＿＿＿　38.6　.　01　.　146.4　.　09(13)　3下館
金沢大学＿＿.　2小浜＿＿＿＿　37.8　.　03　.　145.8　.　10(13)　3七尾
---------------------------------------------------　
名古屋大学.　2美濃＿＿＿＿　36.6　.　08　.　145.6　.　11(09)　3大垣
熊本学園大学.　2岱明＿＿＿＿　36.2　.　11　.　145.0　.　12(10)　3八代
山梨学院大学.　2南信濃＿＿　35.7　.　13　.　144.2　.　13(11)　3大月
広島経済大学.　2加計＿＿＿＿　34.9　.　15　.　143.0　.　14(12)　3岡山
四国大学＿＿.　2大三島＿＿　35.9　.　12　.　141.2　.　15(15)　3御荘
三重大学＿＿.　2五條＿＿＿＿　34.7　.　16　.　139.1　.　16(16)　3小俣
鹿児島大学.　1東市来＿＿　31.6　.　17　.　130.0　.　17(17)　2川内
琉球大学＿＿.　1北原＿＿＿＿　30.8　.　18　.　124.6　.　18(18)　2仲筋

--- [コミットモード] 本日の最終結果を ekiden_state.json, individual_results.json, rank_history.json に保存しました ---
状態ファイル (ekiden_state.json, individual_results.json, rank_history.json) に変更を検出しました。GitHubにプッシュします。
[main f17c450] Update daily state [bot] 2025-07-26
 2 files changed, 115 insertions(+), 78 deletions(-)
